MONAI version: 1.3.2
MONAI version: 1.3.2Numpy version: 1.22.3MONAI version: 1.3.2
MONAI version: 1.3.2

Numpy version: 1.22.3
Pytorch version: 2.4.1+cu121Numpy version: 1.22.3
Numpy version: 1.22.3

Pytorch version: 2.4.1+cu121
MONAI flags: HAS_EXT = False, USE_COMPILED = False, USE_META_DICT = FalsePytorch version: 2.4.1+cu121
Pytorch version: 2.4.1+cu121

MONAI flags: HAS_EXT = False, USE_COMPILED = False, USE_META_DICT = False
MONAI rev id: 59a7211070538586369afd4a01eca0a7fe2e742eMONAI flags: HAS_EXT = False, USE_COMPILED = False, USE_META_DICT = False
MONAI flags: HAS_EXT = False, USE_COMPILED = False, USE_META_DICT = False

MONAI rev id: 59a7211070538586369afd4a01eca0a7fe2e742e
MONAI rev id: 59a7211070538586369afd4a01eca0a7fe2e742e
MONAI rev id: 59a7211070538586369afd4a01eca0a7fe2e742e

MONAI __file__: /gpfs/data/denizlab/Users/hh2740/miniconda3/envs/head_ct/lib/python3.8/site-packages/monai/__init__.py

Optional dependencies:
MONAI __file__: /gpfs/data/denizlab/Users/hh2740/miniconda3/envs/head_ct/lib/python3.8/site-packages/monai/__init__.pyMONAI __file__: /gpfs/data/denizlab/Users/hh2740/miniconda3/envs/head_ct/lib/python3.8/site-packages/monai/__init__.py

MONAI __file__: /gpfs/data/denizlab/Users/hh2740/miniconda3/envs/head_ct/lib/python3.8/site-packages/monai/__init__.py
Optional dependencies:
Optional dependencies:



Optional dependencies:
Pytorch Ignite version: 0.4.11
ITK version: 5.3.0
Nibabel version: 5.1.0Pytorch Ignite version: 0.4.11

scikit-image version: 0.21.0Pytorch Ignite version: 0.4.11ITK version: 5.3.0


Pytorch Ignite version: 0.4.11scipy version: 1.10.1ITK version: 5.3.0Nibabel version: 5.1.0



ITK version: 5.3.0Pillow version: 10.0.1Nibabel version: 5.1.0scikit-image version: 0.21.0



Nibabel version: 5.1.0Tensorboard version: 2.14.0scikit-image version: 0.21.0scipy version: 1.10.1



scikit-image version: 0.21.0gdown version: 4.7.1scipy version: 1.10.1Pillow version: 10.0.1



scipy version: 1.10.1TorchVision version: 0.19.1+cu121Pillow version: 10.0.1Tensorboard version: 2.14.0



Pillow version: 10.0.1tqdm version: 4.66.1Tensorboard version: 2.14.0gdown version: 4.7.1



Tensorboard version: 2.14.0lmdb version: 1.4.1gdown version: 4.7.1TorchVision version: 0.19.1+cu121



gdown version: 4.7.1psutil version: 5.9.5TorchVision version: 0.19.1+cu121tqdm version: 4.66.1



TorchVision version: 0.19.1+cu121pandas version: 2.0.3tqdm version: 4.66.1lmdb version: 1.4.1



tqdm version: 4.66.1einops version: 0.6.1lmdb version: 1.4.1psutil version: 5.9.5



lmdb version: 1.4.1transformers version: 4.31.0psutil version: 5.9.5pandas version: 2.0.3



psutil version: 5.9.5mlflow version: NOT INSTALLED or UNKNOWN VERSION.pandas version: 2.0.3einops version: 0.6.1



pandas version: 2.0.3pynrrd version: 1.0.0einops version: 0.6.1transformers version: 4.31.0



einops version: 0.6.1clearml version: 1.12.2transformers version: 4.31.0mlflow version: NOT INSTALLED or UNKNOWN VERSION.



transformers version: 4.31.0
For details about installing the optional dependencies, please visit:mlflow version: NOT INSTALLED or UNKNOWN VERSION.pynrrd version: 1.0.0



mlflow version: NOT INSTALLED or UNKNOWN VERSION.    https://docs.monai.io/en/latest/installation.html#installing-the-recommended-dependencies
pynrrd version: 1.0.0clearml version: 1.12.2



pynrrd version: 1.0.0clearml version: 1.12.2
For details about installing the optional dependencies, please visit:


clearml version: 1.12.2
For details about installing the optional dependencies, please visit:    https://docs.monai.io/en/latest/installation.html#installing-the-recommended-dependencies




For details about installing the optional dependencies, please visit:    https://docs.monai.io/en/latest/installation.html#installing-the-recommended-dependencies


    https://docs.monai.io/en/latest/installation.html#installing-the-recommended-dependencies

=> merge config from ../configs/dino/dino_HeadCT.yaml
=> merge config from ../configs/dino/dino_HeadCT.yaml
=> merge config from ../configs/dino/dino_HeadCT.yaml
=> merge config from ../configs/dino/dino_HeadCT.yaml
> initializing model parallel with size 4
> initializing ddp with size 1
> initializing pipeline with size 1
[2025-01-10 02:31:28 dino_final_lr5e-4_sincos_pflash_ep100_adamw_clip3.0_reshape_layernorm_p12_channel3_gpu4_s42_wd](main_pretrain_dino.py 307): INFO Full config saved to /gpfs/data/denizlab/Users/hh2740/git_backups/MedSSL-3D/configs/dinov2/json/dino_final_lr5e-4_sincos_pflash_ep100_adamw_clip3.0_reshape_layernorm_p12_channel3_gpu4_s42_wd.json
[2025-01-10 02:31:28 dino_final_lr5e-4_sincos_pflash_ep100_adamw_clip3.0_reshape_layernorm_p12_channel3_gpu4_s42_wd](main_pretrain_dino.py 309): INFO AMP_ENABLE: true
BASE:
- ''
DATA:
  BASE_PATH: /gpfs/data/denizlab/Users/hh2740/git_backups/MedSSL-3D/datasets
  BATCH_SIZE: 64
  CACHE_DIR: /gpfs/data/razavianlab/data/headCT/temp_cache_nyu/
  CACHE_NUM: -1
  CACHE_RATE: 1.0
  DATASET: nyu
  FEW_SHOTS: -1
  NUM_CLASSES: 2
  NUM_WORKERS: 8
  PIN_MEMORY: true
  TEST_CSV_PATH: /gpfs/data/denizlab/Users/hh2740/git_backups/MedSSL-3D/datasets/test_final.csv
  TRAIN_CSV_PATH: /gpfs/data/denizlab/Users/hh2740/git_backups/MedSSL-3D/datasets/train_final.csv
  VAL_CSV_PATH: /gpfs/data/denizlab/Users/hh2740/git_backups/MedSSL-3D/datasets/val_final.csv
DINO:
  BOTTLENECK_DIM: 256
  DINO_LOSS_WEIGHT: 1.0
  FREEZE_LAST_LAYER: 1
  GLOBAL_CROP_NUM: 2
  GLOBAL_CROP_SIZE:
  - 112
  - 112
  - 112
  HEAD_HIDDEN_DIM: 2048
  HEAD_N_LAYERS: 3
  HEAD_N_PROTOTYPES: 65536
  LOCAL_CROP_NUM: 2
  LOCAL_CROP_SIZE:
  - 64
  - 64
  - 64
  MOMENTUM_TEACHER: 0.994
  MOMENTUM_TEACHER_END: 1.0
  NORM_LAST_LAYER: true
  TEACHER_TEMP: 0.04
  USE_BN: false
  WARMUP_TEACHER_EPOCHS: 30
  WARMUP_TEACHER_TEMP: 0.04
LOCAL_RANK: 0
LOG:
  FILENAME: dino_final_lr5e-4_sincos_pflash_ep100_adamw_clip3.0_reshape_layernorm_p12_channel3_gpu4_s42_wd
  OUTPUT_DIR: /gpfs/data/denizlab/Users/hh2740/git_backups/MedSSL-3D/log
MAE:
  DECODER_DEPTH: 8
  DECODER_EMBED_DIM: 768
  DECODER_MLP_DIM: 2048
  DECODER_NUM_HEADS: 16
  DROPOUT_RATE: 0.0
  ENCODER_DEPTH: 12
  ENCODER_EMBED_DIM: 768
  ENCODER_MLP_DIM: 3072
  ENCODER_NUM_HEADS: 12
  INPUT_SIZE: 96
  IN_CHANS: 3
  MASK_RATIO: 0.75
  NORM_LAYER: layernorm
  NORM_PIX_LOSS: false
  PATCH_EMBED: conv
  PATCH_SIZE: 16
  POS_EMBED: sincos
  RETURN_IMAGE: false
  SPATIAL_DIMS: 3
  USE_BIAS: false
MODEL:
  DIR: /gpfs/data/denizlab/Users/hh2740/git_backups/MedSSL-3D/model_saved
  IN_CHANS: 3
  NAME: dino
  PRETRAINED: null
  ROI:
  - 96
  - 96
  - 96
  SAVE_NAME: dinov2_30%_final_lr5e-4_sincos_pflash_ep100_adamw_clip3.0_reshape_layernorm_p12_channel3_gpu4_s42_wd.pt
OUTPUT: /gpfs/data/denizlab/Users/hh2740/git_backups/MedSSL-3D/configs/dinov2/json
PREDS_SAVE_NAME: None
SEED: 42
TAG: default
TRAIN:
  BASE_LR: 0.0005
  BETA1: 0.9
  BETA2: 0.999
  CLASSIFIER: linear
  GRAD_CLIP: 3.0
  LABEL_NAME: cancer
  LOCK: false
  LORA: false
  LOSS: L1
  MAX_EPOCHS: 200
  MIN_LR: 5.0e-08
  MOMENTUM: 0.9
  OPTIMIZER: AdamW
  PER_WARMUP: 0.1
  SCHEDULER: cosine
  TEMPERATURE: 0.5
  VAL_EVERY: 10
  WEIGHT_DECAY: 0.04
  WEIGHT_DECAY_END: 0.4
VIT:
  CLASSIFICATION: false
  DROPOUT_RATE: 0.0
  HIDDEN_SIZE: 768
  INPUT_SIZE: 96
  IN_CHANS: 3
  MLP_DIM: 3072
  NORM_LAYER: layernorm
  NUM_HEADS: 12
  NUM_LAYERS: 12
  NUM_REGISTER_TOKENS: 4
  PATCHES_OVERLAP: 0.2
  PATCH_EMBED: conv
  PATCH_SIZE: 12
  POOLING: cls
  POS_EMBED: sincos
  SPATIAL_DIMS: 3
  USE_BIAS: true
WANDB:
  PROJECT: monai-test
  WANDB_ENABLE: true

[2025-01-10 02:31:28 dino_final_lr5e-4_sincos_pflash_ep100_adamw_clip3.0_reshape_layernorm_p12_channel3_gpu4_s42_wd](main_pretrain_dino.py 310): INFO {"cfg": "../configs/dino/dino_HeadCT.yaml", "opts": null, "local_rank": 0, "dist_backend": "nccl", "dist_url": "env://", "seed": null, "use_amp": true, "use_wandb": true, "wandb_project": "monai-test", "model_name": "dino", "model_load_path": null, "optimizer": "AdamW", "scheduler": "cosine", "base_lr": 0.0005, "min_lr": null, "weight_decay": 0.04, "grad_clip": 3.0, "batch_size": 64, "num_workers": 8, "max_epochs": 200, "train_csv_path": null, "val_csv_path": null, "test_csv_path": null}
a100-4015:3415819:3415819 [0] NCCL INFO Bootstrap : Using ib0:172.16.0.124<0>
a100-4015:3415819:3415819 [0] NCCL INFO NET/Plugin : dlerror=libnccl-net.so: cannot open shared object file: No such file or directory No plugin found (libnccl-net.so), using internal implementation
a100-4015:3415819:3415819 [0] NCCL INFO cudaDriverVersion 12000
NCCL version 2.20.5+cuda12.4
a100-4015:3415819:3416040 [0] NCCL INFO NET/IB : Using [0]mlx5_2:1/IB ; OOB ib0:172.16.0.124<0>
a100-4015:3415819:3416040 [0] NCCL INFO Using non-device net plugin version 0
a100-4015:3415819:3416040 [0] NCCL INFO Using network IB
a100-4015:3415822:3415822 [3] NCCL INFO cudaDriverVersion 12000
a100-4015:3415822:3415822 [3] NCCL INFO Bootstrap : Using ib0:172.16.0.124<0>
a100-4015:3415822:3415822 [3] NCCL INFO NET/Plugin : dlerror=libnccl-net.so: cannot open shared object file: No such file or directory No plugin found (libnccl-net.so), using internal implementation
a100-4015:3415820:3415820 [1] NCCL INFO cudaDriverVersion 12000
a100-4015:3415820:3415820 [1] NCCL INFO Bootstrap : Using ib0:172.16.0.124<0>
a100-4015:3415820:3415820 [1] NCCL INFO NET/Plugin : dlerror=libnccl-net.so: cannot open shared object file: No such file or directory No plugin found (libnccl-net.so), using internal implementation
a100-4015:3415821:3415821 [2] NCCL INFO cudaDriverVersion 12000
a100-4015:3415821:3415821 [2] NCCL INFO Bootstrap : Using ib0:172.16.0.124<0>
a100-4015:3415822:3416042 [3] NCCL INFO NET/IB : Using [0]mlx5_2:1/IB ; OOB ib0:172.16.0.124<0>
a100-4015:3415822:3416042 [3] NCCL INFO Using non-device net plugin version 0
a100-4015:3415822:3416042 [3] NCCL INFO Using network IB
a100-4015:3415821:3415821 [2] NCCL INFO NET/Plugin : dlerror=libnccl-net.so: cannot open shared object file: No such file or directory No plugin found (libnccl-net.so), using internal implementation
a100-4015:3415820:3416043 [1] NCCL INFO NET/IB : Using [0]mlx5_2:1/IB ; OOB ib0:172.16.0.124<0>
a100-4015:3415820:3416043 [1] NCCL INFO Using non-device net plugin version 0
a100-4015:3415820:3416043 [1] NCCL INFO Using network IB
a100-4015:3415821:3416045 [2] NCCL INFO NET/IB : Using [0]mlx5_2:1/IB ; OOB ib0:172.16.0.124<0>
a100-4015:3415821:3416045 [2] NCCL INFO Using non-device net plugin version 0
a100-4015:3415821:3416045 [2] NCCL INFO Using network IB
a100-4015:3415820:3416043 [1] NCCL INFO comm 0x7aa54060 rank 1 nranks 4 cudaDev 1 nvmlDev 1 busId 65000 commId 0x7f07694343430d98 - Init START
a100-4015:3415819:3416040 [0] NCCL INFO comm 0x2f75c4a0 rank 0 nranks 4 cudaDev 0 nvmlDev 0 busId 17000 commId 0x7f07694343430d98 - Init START
a100-4015:3415821:3416045 [2] NCCL INFO comm 0x782fe160 rank 2 nranks 4 cudaDev 2 nvmlDev 2 busId ca000 commId 0x7f07694343430d98 - Init START
a100-4015:3415822:3416042 [3] NCCL INFO comm 0x748f3630 rank 3 nranks 4 cudaDev 3 nvmlDev 3 busId e3000 commId 0x7f07694343430d98 - Init START
a100-4015:3415819:3416040 [0] NCCL INFO Setting affinity for GPU 0 to 0f
a100-4015:3415819:3416040 [0] NCCL INFO NVLS multicast support is not available on dev 0
a100-4015:3415822:3416042 [3] NCCL INFO NVLS multicast support is not available on dev 3
a100-4015:3415820:3416043 [1] NCCL INFO NVLS multicast support is not available on dev 1
a100-4015:3415821:3416045 [2] NCCL INFO NVLS multicast support is not available on dev 2
a100-4015:3415820:3416043 [1] NCCL INFO comm 0x7aa54060 rank 1 nRanks 4 nNodes 1 localRanks 4 localRank 1 MNNVL 0
a100-4015:3415821:3416045 [2] NCCL INFO comm 0x782fe160 rank 2 nRanks 4 nNodes 1 localRanks 4 localRank 2 MNNVL 0
a100-4015:3415819:3416040 [0] NCCL INFO comm 0x2f75c4a0 rank 0 nRanks 4 nNodes 1 localRanks 4 localRank 0 MNNVL 0
a100-4015:3415820:3416043 [1] NCCL INFO Trees [0] 2/-1/-1->1->0 [1] -1/-1/-1->1->3 [2] 2/-1/-1->1->0 [3] -1/-1/-1->1->3
a100-4015:3415821:3416045 [2] NCCL INFO Trees [0] 3/-1/-1->2->1 [1] 3/-1/-1->2->0 [2] 3/-1/-1->2->1 [3] 3/-1/-1->2->0
a100-4015:3415822:3416042 [3] NCCL INFO comm 0x748f3630 rank 3 nRanks 4 nNodes 1 localRanks 4 localRank 3 MNNVL 0
a100-4015:3415819:3416040 [0] NCCL INFO Channel 00/04 :    0   1   2   3
a100-4015:3415820:3416043 [1] NCCL INFO P2P Chunksize set to 524288
a100-4015:3415821:3416045 [2] NCCL INFO P2P Chunksize set to 524288
a100-4015:3415819:3416040 [0] NCCL INFO Channel 01/04 :    0   2   3   1
a100-4015:3415822:3416042 [3] NCCL INFO Trees [0] -1/-1/-1->3->2 [1] 1/-1/-1->3->2 [2] -1/-1/-1->3->2 [3] 1/-1/-1->3->2
a100-4015:3415819:3416040 [0] NCCL INFO Channel 02/04 :    0   1   2   3
a100-4015:3415822:3416042 [3] NCCL INFO P2P Chunksize set to 524288
a100-4015:3415819:3416040 [0] NCCL INFO Channel 03/04 :    0   2   3   1
a100-4015:3415819:3416040 [0] NCCL INFO Trees [0] 1/-1/-1->0->-1 [1] 2/-1/-1->0->-1 [2] 1/-1/-1->0->-1 [3] 2/-1/-1->0->-1
a100-4015:3415819:3416040 [0] NCCL INFO P2P Chunksize set to 524288
a100-4015:3415820:3416043 [1] NCCL INFO Channel 00 : 1[1] -> 2[2] via SHM/direct/direct
a100-4015:3415820:3416043 [1] NCCL INFO Channel 02 : 1[1] -> 2[2] via SHM/direct/direct
a100-4015:3415822:3416042 [3] NCCL INFO Channel 00 : 3[3] -> 0[0] via SHM/direct/direct
a100-4015:3415822:3416042 [3] NCCL INFO Channel 02 : 3[3] -> 0[0] via SHM/direct/direct
a100-4015:3415819:3416040 [0] NCCL INFO Channel 00/0 : 0[0] -> 1[1] via P2P/CUMEM/read
a100-4015:3415819:3416040 [0] NCCL INFO Channel 02/0 : 0[0] -> 1[1] via P2P/CUMEM/read
a100-4015:3415819:3416040 [0] NCCL INFO Channel 01 : 0[0] -> 2[2] via SHM/direct/direct
a100-4015:3415819:3416040 [0] NCCL INFO Channel 03 : 0[0] -> 2[2] via SHM/direct/direct
a100-4015:3415821:3416045 [2] NCCL INFO Channel 00/0 : 2[2] -> 3[3] via P2P/CUMEM/read
a100-4015:3415821:3416045 [2] NCCL INFO Channel 01/0 : 2[2] -> 3[3] via P2P/CUMEM/read
a100-4015:3415821:3416045 [2] NCCL INFO Channel 02/0 : 2[2] -> 3[3] via P2P/CUMEM/read
a100-4015:3415821:3416045 [2] NCCL INFO Channel 03/0 : 2[2] -> 3[3] via P2P/CUMEM/read
a100-4015:3415822:3416042 [3] NCCL INFO Channel 01 : 3[3] -> 1[1] via SHM/direct/direct
a100-4015:3415822:3416042 [3] NCCL INFO Channel 03 : 3[3] -> 1[1] via SHM/direct/direct
a100-4015:3415820:3416043 [1] NCCL INFO Channel 01/0 : 1[1] -> 0[0] via P2P/CUMEM/read
a100-4015:3415820:3416043 [1] NCCL INFO Channel 03/0 : 1[1] -> 0[0] via P2P/CUMEM/read
a100-4015:3415822:3416042 [3] NCCL INFO Connected all rings
a100-4015:3415821:3416045 [2] NCCL INFO Connected all rings
a100-4015:3415820:3416043 [1] NCCL INFO Connected all rings
a100-4015:3415819:3416040 [0] NCCL INFO Connected all rings
a100-4015:3415821:3416045 [2] NCCL INFO Channel 01 : 2[2] -> 0[0] via SHM/direct/direct
a100-4015:3415820:3416043 [1] NCCL INFO Channel 01 : 1[1] -> 3[3] via SHM/direct/direct
a100-4015:3415821:3416045 [2] NCCL INFO Channel 03 : 2[2] -> 0[0] via SHM/direct/direct
a100-4015:3415820:3416043 [1] NCCL INFO Channel 03 : 1[1] -> 3[3] via SHM/direct/direct
a100-4015:3415822:3416042 [3] NCCL INFO Channel 00/0 : 3[3] -> 2[2] via P2P/CUMEM/read
a100-4015:3415822:3416042 [3] NCCL INFO Channel 01/0 : 3[3] -> 2[2] via P2P/CUMEM/read
a100-4015:3415822:3416042 [3] NCCL INFO Channel 02/0 : 3[3] -> 2[2] via P2P/CUMEM/read
a100-4015:3415822:3416042 [3] NCCL INFO Channel 03/0 : 3[3] -> 2[2] via P2P/CUMEM/read
a100-4015:3415821:3416045 [2] NCCL INFO Channel 00 : 2[2] -> 1[1] via SHM/direct/direct
a100-4015:3415821:3416045 [2] NCCL INFO Channel 02 : 2[2] -> 1[1] via SHM/direct/direct
a100-4015:3415820:3416043 [1] NCCL INFO Channel 00/0 : 1[1] -> 0[0] via P2P/CUMEM/read
a100-4015:3415820:3416043 [1] NCCL INFO Channel 02/0 : 1[1] -> 0[0] via P2P/CUMEM/read
a100-4015:3415819:3416040 [0] NCCL INFO Connected all trees
a100-4015:3415820:3416043 [1] NCCL INFO Connected all trees
a100-4015:3415822:3416042 [3] NCCL INFO Connected all trees
a100-4015:3415821:3416045 [2] NCCL INFO Connected all trees
a100-4015:3415822:3416042 [3] NCCL INFO threadThresholds 8/8/64 | 32/8/64 | 512 | 512
a100-4015:3415822:3416042 [3] NCCL INFO 4 coll channels, 0 collnet channels, 0 nvls channels, 4 p2p channels, 2 p2p channels per peer
a100-4015:3415821:3416045 [2] NCCL INFO threadThresholds 8/8/64 | 32/8/64 | 512 | 512
a100-4015:3415821:3416045 [2] NCCL INFO 4 coll channels, 0 collnet channels, 0 nvls channels, 4 p2p channels, 2 p2p channels per peer
a100-4015:3415819:3416040 [0] NCCL INFO threadThresholds 8/8/64 | 32/8/64 | 512 | 512
a100-4015:3415819:3416040 [0] NCCL INFO 4 coll channels, 0 collnet channels, 0 nvls channels, 4 p2p channels, 2 p2p channels per peer
a100-4015:3415820:3416043 [1] NCCL INFO threadThresholds 8/8/64 | 32/8/64 | 512 | 512
a100-4015:3415820:3416043 [1] NCCL INFO 4 coll channels, 0 collnet channels, 0 nvls channels, 4 p2p channels, 2 p2p channels per peer
a100-4015:3415820:3416043 [1] NCCL INFO comm 0x7aa54060 rank 1 nranks 4 cudaDev 1 nvmlDev 1 busId 65000 commId 0x7f07694343430d98 - Init COMPLETE
a100-4015:3415822:3416042 [3] NCCL INFO comm 0x748f3630 rank 3 nranks 4 cudaDev 3 nvmlDev 3 busId e3000 commId 0x7f07694343430d98 - Init COMPLETE
a100-4015:3415821:3416045 [2] NCCL INFO comm 0x782fe160 rank 2 nranks 4 cudaDev 2 nvmlDev 2 busId ca000 commId 0x7f07694343430d98 - Init COMPLETE
a100-4015:3415819:3416040 [0] NCCL INFO comm 0x2f75c4a0 rank 0 nranks 4 cudaDev 0 nvmlDev 0 busId 17000 commId 0x7f07694343430d98 - Init COMPLETE
[2025-01-10 02:31:49 dino_final_lr5e-4_sincos_pflash_ep100_adamw_clip3.0_reshape_layernorm_p12_channel3_gpu4_s42_wd](main_pretrain_dino.py 217): INFO Effective Learning Rate: 0.0005, Effective Batch Size: 256, Max Epochs: 200
[2025-01-10 02:31:49 dino_final_lr5e-4_sincos_pflash_ep100_adamw_clip3.0_reshape_layernorm_p12_channel3_gpu4_s42_wd](main_pretrain_dino.py 218): INFO Number of Warmup Steps: 28260, Total Steps: 282600
[2025-01-10 02:31:49 dino_final_lr5e-4_sincos_pflash_ep100_adamw_clip3.0_reshape_layernorm_p12_channel3_gpu4_s42_wd](engine_pretrain_dino.py 254): INFO Epoch: 1
[2025-01-10 02:37:49 dino_final_lr5e-4_sincos_pflash_ep100_adamw_clip3.0_reshape_layernorm_p12_channel3_gpu4_s42_wd](engine_pretrain_dino.py 120): INFO Epoch 1/200 [1/1413]  Loss: 11.2987
[2025-01-10 02:37:51 dino_final_lr5e-4_sincos_pflash_ep100_adamw_clip3.0_reshape_layernorm_p12_channel3_gpu4_s42_wd](engine_pretrain_dino.py 120): INFO Epoch 1/200 [2/1413]  Loss: 11.2969
[2025-01-10 02:37:52 dino_final_lr5e-4_sincos_pflash_ep100_adamw_clip3.0_reshape_layernorm_p12_channel3_gpu4_s42_wd](engine_pretrain_dino.py 120): INFO Epoch 1/200 [3/1413]  Loss: 11.2953
[2025-01-10 02:37:53 dino_final_lr5e-4_sincos_pflash_ep100_adamw_clip3.0_reshape_layernorm_p12_channel3_gpu4_s42_wd](engine_pretrain_dino.py 120): INFO Epoch 1/200 [4/1413]  Loss: 11.2939
[2025-01-10 02:37:54 dino_final_lr5e-4_sincos_pflash_ep100_adamw_clip3.0_reshape_layernorm_p12_channel3_gpu4_s42_wd](engine_pretrain_dino.py 120): INFO Epoch 1/200 [5/1413]  Loss: 11.2927
[2025-01-10 02:37:56 dino_final_lr5e-4_sincos_pflash_ep100_adamw_clip3.0_reshape_layernorm_p12_channel3_gpu4_s42_wd](engine_pretrain_dino.py 120): INFO Epoch 1/200 [6/1413]  Loss: 11.2917
[2025-01-10 02:37:57 dino_final_lr5e-4_sincos_pflash_ep100_adamw_clip3.0_reshape_layernorm_p12_channel3_gpu4_s42_wd](engine_pretrain_dino.py 120): INFO Epoch 1/200 [7/1413]  Loss: 11.2907
[2025-01-10 02:37:58 dino_final_lr5e-4_sincos_pflash_ep100_adamw_clip3.0_reshape_layernorm_p12_channel3_gpu4_s42_wd](engine_pretrain_dino.py 120): INFO Epoch 1/200 [8/1413]  Loss: 11.2898
[2025-01-10 02:41:18 dino_final_lr5e-4_sincos_pflash_ep100_adamw_clip3.0_reshape_layernorm_p12_channel3_gpu4_s42_wd](engine_pretrain_dino.py 120): INFO Epoch 1/200 [9/1413]  Loss: 11.2890
[2025-01-10 02:41:19 dino_final_lr5e-4_sincos_pflash_ep100_adamw_clip3.0_reshape_layernorm_p12_channel3_gpu4_s42_wd](engine_pretrain_dino.py 120): INFO Epoch 1/200 [10/1413]  Loss: 11.2882
[2025-01-10 02:41:38 dino_final_lr5e-4_sincos_pflash_ep100_adamw_clip3.0_reshape_layernorm_p12_channel3_gpu4_s42_wd](engine_pretrain_dino.py 120): INFO Epoch 1/200 [11/1413]  Loss: 11.2875
[2025-01-10 02:41:39 dino_final_lr5e-4_sincos_pflash_ep100_adamw_clip3.0_reshape_layernorm_p12_channel3_gpu4_s42_wd](engine_pretrain_dino.py 120): INFO Epoch 1/200 [12/1413]  Loss: 11.2867
[2025-01-10 02:41:40 dino_final_lr5e-4_sincos_pflash_ep100_adamw_clip3.0_reshape_layernorm_p12_channel3_gpu4_s42_wd](engine_pretrain_dino.py 120): INFO Epoch 1/200 [13/1413]  Loss: 11.2861
[2025-01-10 02:41:41 dino_final_lr5e-4_sincos_pflash_ep100_adamw_clip3.0_reshape_layernorm_p12_channel3_gpu4_s42_wd](engine_pretrain_dino.py 120): INFO Epoch 1/200 [14/1413]  Loss: 11.2852
[2025-01-10 02:41:59 dino_final_lr5e-4_sincos_pflash_ep100_adamw_clip3.0_reshape_layernorm_p12_channel3_gpu4_s42_wd](engine_pretrain_dino.py 120): INFO Epoch 1/200 [15/1413]  Loss: 11.2844
[2025-01-10 02:42:01 dino_final_lr5e-4_sincos_pflash_ep100_adamw_clip3.0_reshape_layernorm_p12_channel3_gpu4_s42_wd](engine_pretrain_dino.py 120): INFO Epoch 1/200 [16/1413]  Loss: 11.2835
[2025-01-10 02:44:53 dino_final_lr5e-4_sincos_pflash_ep100_adamw_clip3.0_reshape_layernorm_p12_channel3_gpu4_s42_wd](engine_pretrain_dino.py 120): INFO Epoch 1/200 [17/1413]  Loss: 11.2827
[2025-01-10 02:44:54 dino_final_lr5e-4_sincos_pflash_ep100_adamw_clip3.0_reshape_layernorm_p12_channel3_gpu4_s42_wd](engine_pretrain_dino.py 120): INFO Epoch 1/200 [18/1413]  Loss: 11.2819
[2025-01-10 02:45:14 dino_final_lr5e-4_sincos_pflash_ep100_adamw_clip3.0_reshape_layernorm_p12_channel3_gpu4_s42_wd](engine_pretrain_dino.py 120): INFO Epoch 1/200 [19/1413]  Loss: 11.2808
[2025-01-10 02:45:15 dino_final_lr5e-4_sincos_pflash_ep100_adamw_clip3.0_reshape_layernorm_p12_channel3_gpu4_s42_wd](engine_pretrain_dino.py 120): INFO Epoch 1/200 [20/1413]  Loss: 11.2798
[2025-01-10 02:45:17 dino_final_lr5e-4_sincos_pflash_ep100_adamw_clip3.0_reshape_layernorm_p12_channel3_gpu4_s42_wd](engine_pretrain_dino.py 120): INFO Epoch 1/200 [21/1413]  Loss: 11.2787
[2025-01-10 02:45:18 dino_final_lr5e-4_sincos_pflash_ep100_adamw_clip3.0_reshape_layernorm_p12_channel3_gpu4_s42_wd](engine_pretrain_dino.py 120): INFO Epoch 1/200 [22/1413]  Loss: 11.2776
[2025-01-10 02:45:42 dino_final_lr5e-4_sincos_pflash_ep100_adamw_clip3.0_reshape_layernorm_p12_channel3_gpu4_s42_wd](engine_pretrain_dino.py 120): INFO Epoch 1/200 [23/1413]  Loss: 11.2763
[2025-01-10 02:45:43 dino_final_lr5e-4_sincos_pflash_ep100_adamw_clip3.0_reshape_layernorm_p12_channel3_gpu4_s42_wd](engine_pretrain_dino.py 120): INFO Epoch 1/200 [24/1413]  Loss: 11.2751
[2025-01-10 02:48:25 dino_final_lr5e-4_sincos_pflash_ep100_adamw_clip3.0_reshape_layernorm_p12_channel3_gpu4_s42_wd](engine_pretrain_dino.py 120): INFO Epoch 1/200 [25/1413]  Loss: 11.2737
[2025-01-10 02:48:26 dino_final_lr5e-4_sincos_pflash_ep100_adamw_clip3.0_reshape_layernorm_p12_channel3_gpu4_s42_wd](engine_pretrain_dino.py 120): INFO Epoch 1/200 [26/1413]  Loss: 11.2723
[2025-01-10 02:49:07 dino_final_lr5e-4_sincos_pflash_ep100_adamw_clip3.0_reshape_layernorm_p12_channel3_gpu4_s42_wd](engine_pretrain_dino.py 120): INFO Epoch 1/200 [27/1413]  Loss: 11.2709
[2025-01-10 02:49:08 dino_final_lr5e-4_sincos_pflash_ep100_adamw_clip3.0_reshape_layernorm_p12_channel3_gpu4_s42_wd](engine_pretrain_dino.py 120): INFO Epoch 1/200 [28/1413]  Loss: 11.2692
[2025-01-10 02:49:10 dino_final_lr5e-4_sincos_pflash_ep100_adamw_clip3.0_reshape_layernorm_p12_channel3_gpu4_s42_wd](engine_pretrain_dino.py 120): INFO Epoch 1/200 [29/1413]  Loss: 11.2680
[2025-01-10 02:49:11 dino_final_lr5e-4_sincos_pflash_ep100_adamw_clip3.0_reshape_layernorm_p12_channel3_gpu4_s42_wd](engine_pretrain_dino.py 120): INFO Epoch 1/200 [30/1413]  Loss: 11.2662
[2025-01-10 02:49:12 dino_final_lr5e-4_sincos_pflash_ep100_adamw_clip3.0_reshape_layernorm_p12_channel3_gpu4_s42_wd](engine_pretrain_dino.py 120): INFO Epoch 1/200 [31/1413]  Loss: 11.2652
[2025-01-10 02:49:14 dino_final_lr5e-4_sincos_pflash_ep100_adamw_clip3.0_reshape_layernorm_p12_channel3_gpu4_s42_wd](engine_pretrain_dino.py 120): INFO Epoch 1/200 [32/1413]  Loss: 11.2634
[2025-01-10 02:51:33 dino_final_lr5e-4_sincos_pflash_ep100_adamw_clip3.0_reshape_layernorm_p12_channel3_gpu4_s42_wd](engine_pretrain_dino.py 120): INFO Epoch 1/200 [33/1413]  Loss: 11.2617
[2025-01-10 02:51:34 dino_final_lr5e-4_sincos_pflash_ep100_adamw_clip3.0_reshape_layernorm_p12_channel3_gpu4_s42_wd](engine_pretrain_dino.py 120): INFO Epoch 1/200 [34/1413]  Loss: 11.2602
[2025-01-10 02:52:48 dino_final_lr5e-4_sincos_pflash_ep100_adamw_clip3.0_reshape_layernorm_p12_channel3_gpu4_s42_wd](engine_pretrain_dino.py 120): INFO Epoch 1/200 [35/1413]  Loss: 11.2584
[2025-01-10 02:52:49 dino_final_lr5e-4_sincos_pflash_ep100_adamw_clip3.0_reshape_layernorm_p12_channel3_gpu4_s42_wd](engine_pretrain_dino.py 120): INFO Epoch 1/200 [36/1413]  Loss: 11.2572
[2025-01-10 02:52:50 dino_final_lr5e-4_sincos_pflash_ep100_adamw_clip3.0_reshape_layernorm_p12_channel3_gpu4_s42_wd](engine_pretrain_dino.py 120): INFO Epoch 1/200 [37/1413]  Loss: 11.2553
[2025-01-10 02:52:51 dino_final_lr5e-4_sincos_pflash_ep100_adamw_clip3.0_reshape_layernorm_p12_channel3_gpu4_s42_wd](engine_pretrain_dino.py 120): INFO Epoch 1/200 [38/1413]  Loss: 11.2540
[2025-01-10 02:52:53 dino_final_lr5e-4_sincos_pflash_ep100_adamw_clip3.0_reshape_layernorm_p12_channel3_gpu4_s42_wd](engine_pretrain_dino.py 120): INFO Epoch 1/200 [39/1413]  Loss: 11.2521
[2025-01-10 02:52:54 dino_final_lr5e-4_sincos_pflash_ep100_adamw_clip3.0_reshape_layernorm_p12_channel3_gpu4_s42_wd](engine_pretrain_dino.py 120): INFO Epoch 1/200 [40/1413]  Loss: 11.2509
[2025-01-10 02:55:04 dino_final_lr5e-4_sincos_pflash_ep100_adamw_clip3.0_reshape_layernorm_p12_channel3_gpu4_s42_wd](engine_pretrain_dino.py 120): INFO Epoch 1/200 [41/1413]  Loss: 11.2495
[2025-01-10 02:55:05 dino_final_lr5e-4_sincos_pflash_ep100_adamw_clip3.0_reshape_layernorm_p12_channel3_gpu4_s42_wd](engine_pretrain_dino.py 120): INFO Epoch 1/200 [42/1413]  Loss: 11.2483
[2025-01-10 02:56:38 dino_final_lr5e-4_sincos_pflash_ep100_adamw_clip3.0_reshape_layernorm_p12_channel3_gpu4_s42_wd](engine_pretrain_dino.py 120): INFO Epoch 1/200 [43/1413]  Loss: 11.2468
[2025-01-10 02:56:40 dino_final_lr5e-4_sincos_pflash_ep100_adamw_clip3.0_reshape_layernorm_p12_channel3_gpu4_s42_wd](engine_pretrain_dino.py 120): INFO Epoch 1/200 [44/1413]  Loss: 11.2454
[2025-01-10 02:56:41 dino_final_lr5e-4_sincos_pflash_ep100_adamw_clip3.0_reshape_layernorm_p12_channel3_gpu4_s42_wd](engine_pretrain_dino.py 120): INFO Epoch 1/200 [45/1413]  Loss: 11.2439
[2025-01-10 02:56:42 dino_final_lr5e-4_sincos_pflash_ep100_adamw_clip3.0_reshape_layernorm_p12_channel3_gpu4_s42_wd](engine_pretrain_dino.py 120): INFO Epoch 1/200 [46/1413]  Loss: 11.2428
[2025-01-10 02:56:43 dino_final_lr5e-4_sincos_pflash_ep100_adamw_clip3.0_reshape_layernorm_p12_channel3_gpu4_s42_wd](engine_pretrain_dino.py 120): INFO Epoch 1/200 [47/1413]  Loss: 11.2422
[2025-01-10 02:56:44 dino_final_lr5e-4_sincos_pflash_ep100_adamw_clip3.0_reshape_layernorm_p12_channel3_gpu4_s42_wd](engine_pretrain_dino.py 120): INFO Epoch 1/200 [48/1413]  Loss: 11.2403
[2025-01-10 02:58:09 dino_final_lr5e-4_sincos_pflash_ep100_adamw_clip3.0_reshape_layernorm_p12_channel3_gpu4_s42_wd](engine_pretrain_dino.py 120): INFO Epoch 1/200 [49/1413]  Loss: 11.2389
[2025-01-10 02:58:10 dino_final_lr5e-4_sincos_pflash_ep100_adamw_clip3.0_reshape_layernorm_p12_channel3_gpu4_s42_wd](engine_pretrain_dino.py 120): INFO Epoch 1/200 [50/1413]  Loss: 11.2375
[2025-01-10 03:00:28 dino_final_lr5e-4_sincos_pflash_ep100_adamw_clip3.0_reshape_layernorm_p12_channel3_gpu4_s42_wd](engine_pretrain_dino.py 120): INFO Epoch 1/200 [51/1413]  Loss: 11.2362
[2025-01-10 03:00:30 dino_final_lr5e-4_sincos_pflash_ep100_adamw_clip3.0_reshape_layernorm_p12_channel3_gpu4_s42_wd](engine_pretrain_dino.py 120): INFO Epoch 1/200 [52/1413]  Loss: 11.2353
[2025-01-10 03:00:31 dino_final_lr5e-4_sincos_pflash_ep100_adamw_clip3.0_reshape_layernorm_p12_channel3_gpu4_s42_wd](engine_pretrain_dino.py 120): INFO Epoch 1/200 [53/1413]  Loss: 11.2340
[2025-01-10 03:00:32 dino_final_lr5e-4_sincos_pflash_ep100_adamw_clip3.0_reshape_layernorm_p12_channel3_gpu4_s42_wd](engine_pretrain_dino.py 120): INFO Epoch 1/200 [54/1413]  Loss: 11.2327
[2025-01-10 03:00:34 dino_final_lr5e-4_sincos_pflash_ep100_adamw_clip3.0_reshape_layernorm_p12_channel3_gpu4_s42_wd](engine_pretrain_dino.py 120): INFO Epoch 1/200 [55/1413]  Loss: 11.2318
[2025-01-10 03:00:35 dino_final_lr5e-4_sincos_pflash_ep100_adamw_clip3.0_reshape_layernorm_p12_channel3_gpu4_s42_wd](engine_pretrain_dino.py 120): INFO Epoch 1/200 [56/1413]  Loss: 11.2306
[2025-01-10 03:01:30 dino_final_lr5e-4_sincos_pflash_ep100_adamw_clip3.0_reshape_layernorm_p12_channel3_gpu4_s42_wd](engine_pretrain_dino.py 120): INFO Epoch 1/200 [57/1413]  Loss: 11.2292
[2025-01-10 03:01:32 dino_final_lr5e-4_sincos_pflash_ep100_adamw_clip3.0_reshape_layernorm_p12_channel3_gpu4_s42_wd](engine_pretrain_dino.py 120): INFO Epoch 1/200 [58/1413]  Loss: 11.2279
[2025-01-10 03:04:32 dino_final_lr5e-4_sincos_pflash_ep100_adamw_clip3.0_reshape_layernorm_p12_channel3_gpu4_s42_wd](engine_pretrain_dino.py 120): INFO Epoch 1/200 [59/1413]  Loss: 11.2266
[2025-01-10 03:04:33 dino_final_lr5e-4_sincos_pflash_ep100_adamw_clip3.0_reshape_layernorm_p12_channel3_gpu4_s42_wd](engine_pretrain_dino.py 120): INFO Epoch 1/200 [60/1413]  Loss: 11.2253
[2025-01-10 03:04:34 dino_final_lr5e-4_sincos_pflash_ep100_adamw_clip3.0_reshape_layernorm_p12_channel3_gpu4_s42_wd](engine_pretrain_dino.py 120): INFO Epoch 1/200 [61/1413]  Loss: 11.2238
[2025-01-10 03:04:36 dino_final_lr5e-4_sincos_pflash_ep100_adamw_clip3.0_reshape_layernorm_p12_channel3_gpu4_s42_wd](engine_pretrain_dino.py 120): INFO Epoch 1/200 [62/1413]  Loss: 11.2228
[2025-01-10 03:04:37 dino_final_lr5e-4_sincos_pflash_ep100_adamw_clip3.0_reshape_layernorm_p12_channel3_gpu4_s42_wd](engine_pretrain_dino.py 120): INFO Epoch 1/200 [63/1413]  Loss: 11.2212
[2025-01-10 03:04:38 dino_final_lr5e-4_sincos_pflash_ep100_adamw_clip3.0_reshape_layernorm_p12_channel3_gpu4_s42_wd](engine_pretrain_dino.py 120): INFO Epoch 1/200 [64/1413]  Loss: 11.2201
[2025-01-10 03:04:48 dino_final_lr5e-4_sincos_pflash_ep100_adamw_clip3.0_reshape_layernorm_p12_channel3_gpu4_s42_wd](engine_pretrain_dino.py 120): INFO Epoch 1/200 [65/1413]  Loss: 11.2186
[2025-01-10 03:04:49 dino_final_lr5e-4_sincos_pflash_ep100_adamw_clip3.0_reshape_layernorm_p12_channel3_gpu4_s42_wd](engine_pretrain_dino.py 120): INFO Epoch 1/200 [66/1413]  Loss: 11.2173
[2025-01-10 03:07:55 dino_final_lr5e-4_sincos_pflash_ep100_adamw_clip3.0_reshape_layernorm_p12_channel3_gpu4_s42_wd](engine_pretrain_dino.py 120): INFO Epoch 1/200 [67/1413]  Loss: 11.2156
[2025-01-10 03:07:57 dino_final_lr5e-4_sincos_pflash_ep100_adamw_clip3.0_reshape_layernorm_p12_channel3_gpu4_s42_wd](engine_pretrain_dino.py 120): INFO Epoch 1/200 [68/1413]  Loss: 11.2143
[2025-01-10 03:07:58 dino_final_lr5e-4_sincos_pflash_ep100_adamw_clip3.0_reshape_layernorm_p12_channel3_gpu4_s42_wd](engine_pretrain_dino.py 120): INFO Epoch 1/200 [69/1413]  Loss: 11.2130
[2025-01-10 03:07:59 dino_final_lr5e-4_sincos_pflash_ep100_adamw_clip3.0_reshape_layernorm_p12_channel3_gpu4_s42_wd](engine_pretrain_dino.py 120): INFO Epoch 1/200 [70/1413]  Loss: 11.2114
[2025-01-10 03:08:00 dino_final_lr5e-4_sincos_pflash_ep100_adamw_clip3.0_reshape_layernorm_p12_channel3_gpu4_s42_wd](engine_pretrain_dino.py 120): INFO Epoch 1/200 [71/1413]  Loss: 11.2102
[2025-01-10 03:08:01 dino_final_lr5e-4_sincos_pflash_ep100_adamw_clip3.0_reshape_layernorm_p12_channel3_gpu4_s42_wd](engine_pretrain_dino.py 120): INFO Epoch 1/200 [72/1413]  Loss: 11.2089
[2025-01-10 03:08:50 dino_final_lr5e-4_sincos_pflash_ep100_adamw_clip3.0_reshape_layernorm_p12_channel3_gpu4_s42_wd](engine_pretrain_dino.py 120): INFO Epoch 1/200 [73/1413]  Loss: 11.2076
[2025-01-10 03:08:51 dino_final_lr5e-4_sincos_pflash_ep100_adamw_clip3.0_reshape_layernorm_p12_channel3_gpu4_s42_wd](engine_pretrain_dino.py 120): INFO Epoch 1/200 [74/1413]  Loss: 11.2062
[2025-01-10 03:11:59 dino_final_lr5e-4_sincos_pflash_ep100_adamw_clip3.0_reshape_layernorm_p12_channel3_gpu4_s42_wd](engine_pretrain_dino.py 120): INFO Epoch 1/200 [75/1413]  Loss: 11.2049
[2025-01-10 03:12:01 dino_final_lr5e-4_sincos_pflash_ep100_adamw_clip3.0_reshape_layernorm_p12_channel3_gpu4_s42_wd](engine_pretrain_dino.py 120): INFO Epoch 1/200 [76/1413]  Loss: 11.2038
[2025-01-10 03:12:02 dino_final_lr5e-4_sincos_pflash_ep100_adamw_clip3.0_reshape_layernorm_p12_channel3_gpu4_s42_wd](engine_pretrain_dino.py 120): INFO Epoch 1/200 [77/1413]  Loss: 11.2024
[2025-01-10 03:12:04 dino_final_lr5e-4_sincos_pflash_ep100_adamw_clip3.0_reshape_layernorm_p12_channel3_gpu4_s42_wd](engine_pretrain_dino.py 120): INFO Epoch 1/200 [78/1413]  Loss: 11.2015
[2025-01-10 03:12:05 dino_final_lr5e-4_sincos_pflash_ep100_adamw_clip3.0_reshape_layernorm_p12_channel3_gpu4_s42_wd](engine_pretrain_dino.py 120): INFO Epoch 1/200 [79/1413]  Loss: 11.2006
[2025-01-10 03:12:06 dino_final_lr5e-4_sincos_pflash_ep100_adamw_clip3.0_reshape_layernorm_p12_channel3_gpu4_s42_wd](engine_pretrain_dino.py 120): INFO Epoch 1/200 [80/1413]  Loss: 11.1997
[2025-01-10 03:12:14 dino_final_lr5e-4_sincos_pflash_ep100_adamw_clip3.0_reshape_layernorm_p12_channel3_gpu4_s42_wd](engine_pretrain_dino.py 120): INFO Epoch 1/200 [81/1413]  Loss: 11.1988
[2025-01-10 03:12:15 dino_final_lr5e-4_sincos_pflash_ep100_adamw_clip3.0_reshape_layernorm_p12_channel3_gpu4_s42_wd](engine_pretrain_dino.py 120): INFO Epoch 1/200 [82/1413]  Loss: 11.1980
[2025-01-10 03:15:09 dino_final_lr5e-4_sincos_pflash_ep100_adamw_clip3.0_reshape_layernorm_p12_channel3_gpu4_s42_wd](engine_pretrain_dino.py 120): INFO Epoch 1/200 [83/1413]  Loss: 11.1974
[2025-01-10 03:15:10 dino_final_lr5e-4_sincos_pflash_ep100_adamw_clip3.0_reshape_layernorm_p12_channel3_gpu4_s42_wd](engine_pretrain_dino.py 120): INFO Epoch 1/200 [84/1413]  Loss: 11.1969
[2025-01-10 03:15:11 dino_final_lr5e-4_sincos_pflash_ep100_adamw_clip3.0_reshape_layernorm_p12_channel3_gpu4_s42_wd](engine_pretrain_dino.py 120): INFO Epoch 1/200 [85/1413]  Loss: 11.1965
[2025-01-10 03:15:13 dino_final_lr5e-4_sincos_pflash_ep100_adamw_clip3.0_reshape_layernorm_p12_channel3_gpu4_s42_wd](engine_pretrain_dino.py 120): INFO Epoch 1/200 [86/1413]  Loss: 11.1958
[2025-01-10 03:15:14 dino_final_lr5e-4_sincos_pflash_ep100_adamw_clip3.0_reshape_layernorm_p12_channel3_gpu4_s42_wd](engine_pretrain_dino.py 120): INFO Epoch 1/200 [87/1413]  Loss: 11.1954
[2025-01-10 03:15:15 dino_final_lr5e-4_sincos_pflash_ep100_adamw_clip3.0_reshape_layernorm_p12_channel3_gpu4_s42_wd](engine_pretrain_dino.py 120): INFO Epoch 1/200 [88/1413]  Loss: 11.1951
[2025-01-10 03:16:32 dino_final_lr5e-4_sincos_pflash_ep100_adamw_clip3.0_reshape_layernorm_p12_channel3_gpu4_s42_wd](engine_pretrain_dino.py 120): INFO Epoch 1/200 [89/1413]  Loss: 11.1948
[2025-01-10 03:16:33 dino_final_lr5e-4_sincos_pflash_ep100_adamw_clip3.0_reshape_layernorm_p12_channel3_gpu4_s42_wd](engine_pretrain_dino.py 120): INFO Epoch 1/200 [90/1413]  Loss: 11.1945
[2025-01-10 03:19:16 dino_final_lr5e-4_sincos_pflash_ep100_adamw_clip3.0_reshape_layernorm_p12_channel3_gpu4_s42_wd](engine_pretrain_dino.py 120): INFO Epoch 1/200 [91/1413]  Loss: 11.1943
[2025-01-10 03:19:18 dino_final_lr5e-4_sincos_pflash_ep100_adamw_clip3.0_reshape_layernorm_p12_channel3_gpu4_s42_wd](engine_pretrain_dino.py 120): INFO Epoch 1/200 [92/1413]  Loss: 11.1942
[2025-01-10 03:19:19 dino_final_lr5e-4_sincos_pflash_ep100_adamw_clip3.0_reshape_layernorm_p12_channel3_gpu4_s42_wd](engine_pretrain_dino.py 120): INFO Epoch 1/200 [93/1413]  Loss: 11.1939
[2025-01-10 03:19:20 dino_final_lr5e-4_sincos_pflash_ep100_adamw_clip3.0_reshape_layernorm_p12_channel3_gpu4_s42_wd](engine_pretrain_dino.py 120): INFO Epoch 1/200 [94/1413]  Loss: 11.1942
[2025-01-10 03:19:21 dino_final_lr5e-4_sincos_pflash_ep100_adamw_clip3.0_reshape_layernorm_p12_channel3_gpu4_s42_wd](engine_pretrain_dino.py 120): INFO Epoch 1/200 [95/1413]  Loss: 11.1936
[2025-01-10 03:19:22 dino_final_lr5e-4_sincos_pflash_ep100_adamw_clip3.0_reshape_layernorm_p12_channel3_gpu4_s42_wd](engine_pretrain_dino.py 120): INFO Epoch 1/200 [96/1413]  Loss: 11.1936
[2025-01-10 03:19:29 dino_final_lr5e-4_sincos_pflash_ep100_adamw_clip3.0_reshape_layernorm_p12_channel3_gpu4_s42_wd](engine_pretrain_dino.py 120): INFO Epoch 1/200 [97/1413]  Loss: 11.1936
[2025-01-10 03:19:31 dino_final_lr5e-4_sincos_pflash_ep100_adamw_clip3.0_reshape_layernorm_p12_channel3_gpu4_s42_wd](engine_pretrain_dino.py 120): INFO Epoch 1/200 [98/1413]  Loss: 11.1939
[2025-01-10 03:22:47 dino_final_lr5e-4_sincos_pflash_ep100_adamw_clip3.0_reshape_layernorm_p12_channel3_gpu4_s42_wd](engine_pretrain_dino.py 120): INFO Epoch 1/200 [99/1413]  Loss: 11.1934
[2025-01-10 03:22:49 dino_final_lr5e-4_sincos_pflash_ep100_adamw_clip3.0_reshape_layernorm_p12_channel3_gpu4_s42_wd](engine_pretrain_dino.py 120): INFO Epoch 1/200 [100/1413]  Loss: 11.1934
[2025-01-10 03:22:50 dino_final_lr5e-4_sincos_pflash_ep100_adamw_clip3.0_reshape_layernorm_p12_channel3_gpu4_s42_wd](engine_pretrain_dino.py 120): INFO Epoch 1/200 [101/1413]  Loss: 11.1935
[2025-01-10 03:22:51 dino_final_lr5e-4_sincos_pflash_ep100_adamw_clip3.0_reshape_layernorm_p12_channel3_gpu4_s42_wd](engine_pretrain_dino.py 120): INFO Epoch 1/200 [102/1413]  Loss: 11.1933
[2025-01-10 03:22:52 dino_final_lr5e-4_sincos_pflash_ep100_adamw_clip3.0_reshape_layernorm_p12_channel3_gpu4_s42_wd](engine_pretrain_dino.py 120): INFO Epoch 1/200 [103/1413]  Loss: 11.1936
[2025-01-10 03:22:54 dino_final_lr5e-4_sincos_pflash_ep100_adamw_clip3.0_reshape_layernorm_p12_channel3_gpu4_s42_wd](engine_pretrain_dino.py 120): INFO Epoch 1/200 [104/1413]  Loss: 11.1933
[2025-01-10 03:23:27 dino_final_lr5e-4_sincos_pflash_ep100_adamw_clip3.0_reshape_layernorm_p12_channel3_gpu4_s42_wd](engine_pretrain_dino.py 120): INFO Epoch 1/200 [105/1413]  Loss: 11.1933
[2025-01-10 03:23:28 dino_final_lr5e-4_sincos_pflash_ep100_adamw_clip3.0_reshape_layernorm_p12_channel3_gpu4_s42_wd](engine_pretrain_dino.py 120): INFO Epoch 1/200 [106/1413]  Loss: 11.1933
Wrong number of channels in index 29174: (6, 203, 216, 93)
[2025-01-10 03:26:26 dino_final_lr5e-4_sincos_pflash_ep100_adamw_clip3.0_reshape_layernorm_p12_channel3_gpu4_s42_wd](engine_pretrain_dino.py 120): INFO Epoch 1/200 [107/1413]  Loss: 11.1931
[2025-01-10 03:26:27 dino_final_lr5e-4_sincos_pflash_ep100_adamw_clip3.0_reshape_layernorm_p12_channel3_gpu4_s42_wd](engine_pretrain_dino.py 120): INFO Epoch 1/200 [108/1413]  Loss: 11.1931
[2025-01-10 03:26:29 dino_final_lr5e-4_sincos_pflash_ep100_adamw_clip3.0_reshape_layernorm_p12_channel3_gpu4_s42_wd](engine_pretrain_dino.py 120): INFO Epoch 1/200 [109/1413]  Loss: 11.1930
[2025-01-10 03:26:30 dino_final_lr5e-4_sincos_pflash_ep100_adamw_clip3.0_reshape_layernorm_p12_channel3_gpu4_s42_wd](engine_pretrain_dino.py 120): INFO Epoch 1/200 [110/1413]  Loss: 11.1929
[2025-01-10 03:26:31 dino_final_lr5e-4_sincos_pflash_ep100_adamw_clip3.0_reshape_layernorm_p12_channel3_gpu4_s42_wd](engine_pretrain_dino.py 120): INFO Epoch 1/200 [111/1413]  Loss: 11.1932
[2025-01-10 03:26:32 dino_final_lr5e-4_sincos_pflash_ep100_adamw_clip3.0_reshape_layernorm_p12_channel3_gpu4_s42_wd](engine_pretrain_dino.py 120): INFO Epoch 1/200 [112/1413]  Loss: 11.1927
[2025-01-10 03:27:17 dino_final_lr5e-4_sincos_pflash_ep100_adamw_clip3.0_reshape_layernorm_p12_channel3_gpu4_s42_wd](engine_pretrain_dino.py 120): INFO Epoch 1/200 [113/1413]  Loss: 11.1924
[2025-01-10 03:27:18 dino_final_lr5e-4_sincos_pflash_ep100_adamw_clip3.0_reshape_layernorm_p12_channel3_gpu4_s42_wd](engine_pretrain_dino.py 120): INFO Epoch 1/200 [114/1413]  Loss: 11.1922
[2025-01-10 03:30:11 dino_final_lr5e-4_sincos_pflash_ep100_adamw_clip3.0_reshape_layernorm_p12_channel3_gpu4_s42_wd](engine_pretrain_dino.py 120): INFO Epoch 1/200 [115/1413]  Loss: 11.1918
[2025-01-10 03:30:14 dino_final_lr5e-4_sincos_pflash_ep100_adamw_clip3.0_reshape_layernorm_p12_channel3_gpu4_s42_wd](engine_pretrain_dino.py 120): INFO Epoch 1/200 [116/1413]  Loss: 11.1919
[2025-01-10 03:30:15 dino_final_lr5e-4_sincos_pflash_ep100_adamw_clip3.0_reshape_layernorm_p12_channel3_gpu4_s42_wd](engine_pretrain_dino.py 120): INFO Epoch 1/200 [117/1413]  Loss: 11.1916
[2025-01-10 03:30:16 dino_final_lr5e-4_sincos_pflash_ep100_adamw_clip3.0_reshape_layernorm_p12_channel3_gpu4_s42_wd](engine_pretrain_dino.py 120): INFO Epoch 1/200 [118/1413]  Loss: 11.1917
[2025-01-10 03:30:17 dino_final_lr5e-4_sincos_pflash_ep100_adamw_clip3.0_reshape_layernorm_p12_channel3_gpu4_s42_wd](engine_pretrain_dino.py 120): INFO Epoch 1/200 [119/1413]  Loss: 11.1908
[2025-01-10 03:30:19 dino_final_lr5e-4_sincos_pflash_ep100_adamw_clip3.0_reshape_layernorm_p12_channel3_gpu4_s42_wd](engine_pretrain_dino.py 120): INFO Epoch 1/200 [120/1413]  Loss: 11.1904
[2025-01-10 03:30:52 dino_final_lr5e-4_sincos_pflash_ep100_adamw_clip3.0_reshape_layernorm_p12_channel3_gpu4_s42_wd](engine_pretrain_dino.py 120): INFO Epoch 1/200 [121/1413]  Loss: 11.1908
[2025-01-10 03:30:53 dino_final_lr5e-4_sincos_pflash_ep100_adamw_clip3.0_reshape_layernorm_p12_channel3_gpu4_s42_wd](engine_pretrain_dino.py 120): INFO Epoch 1/200 [122/1413]  Loss: 11.1905
[2025-01-10 03:33:27 dino_final_lr5e-4_sincos_pflash_ep100_adamw_clip3.0_reshape_layernorm_p12_channel3_gpu4_s42_wd](engine_pretrain_dino.py 120): INFO Epoch 1/200 [123/1413]  Loss: 11.1900
[2025-01-10 03:33:28 dino_final_lr5e-4_sincos_pflash_ep100_adamw_clip3.0_reshape_layernorm_p12_channel3_gpu4_s42_wd](engine_pretrain_dino.py 120): INFO Epoch 1/200 [124/1413]  Loss: 11.1893
[2025-01-10 03:33:29 dino_final_lr5e-4_sincos_pflash_ep100_adamw_clip3.0_reshape_layernorm_p12_channel3_gpu4_s42_wd](engine_pretrain_dino.py 120): INFO Epoch 1/200 [125/1413]  Loss: 11.1895
[2025-01-10 03:33:31 dino_final_lr5e-4_sincos_pflash_ep100_adamw_clip3.0_reshape_layernorm_p12_channel3_gpu4_s42_wd](engine_pretrain_dino.py 120): INFO Epoch 1/200 [126/1413]  Loss: 11.1886
[2025-01-10 03:33:32 dino_final_lr5e-4_sincos_pflash_ep100_adamw_clip3.0_reshape_layernorm_p12_channel3_gpu4_s42_wd](engine_pretrain_dino.py 120): INFO Epoch 1/200 [127/1413]  Loss: 11.1879
[2025-01-10 03:33:33 dino_final_lr5e-4_sincos_pflash_ep100_adamw_clip3.0_reshape_layernorm_p12_channel3_gpu4_s42_wd](engine_pretrain_dino.py 120): INFO Epoch 1/200 [128/1413]  Loss: 11.1880
[2025-01-10 03:34:25 dino_final_lr5e-4_sincos_pflash_ep100_adamw_clip3.0_reshape_layernorm_p12_channel3_gpu4_s42_wd](engine_pretrain_dino.py 120): INFO Epoch 1/200 [129/1413]  Loss: 11.1880
[2025-01-10 03:34:26 dino_final_lr5e-4_sincos_pflash_ep100_adamw_clip3.0_reshape_layernorm_p12_channel3_gpu4_s42_wd](engine_pretrain_dino.py 120): INFO Epoch 1/200 [130/1413]  Loss: 11.1875
[2025-01-10 03:37:20 dino_final_lr5e-4_sincos_pflash_ep100_adamw_clip3.0_reshape_layernorm_p12_channel3_gpu4_s42_wd](engine_pretrain_dino.py 120): INFO Epoch 1/200 [131/1413]  Loss: 11.1881
[2025-01-10 03:37:21 dino_final_lr5e-4_sincos_pflash_ep100_adamw_clip3.0_reshape_layernorm_p12_channel3_gpu4_s42_wd](engine_pretrain_dino.py 120): INFO Epoch 1/200 [132/1413]  Loss: 11.1871
[2025-01-10 03:37:23 dino_final_lr5e-4_sincos_pflash_ep100_adamw_clip3.0_reshape_layernorm_p12_channel3_gpu4_s42_wd](engine_pretrain_dino.py 120): INFO Epoch 1/200 [133/1413]  Loss: 11.1865
[2025-01-10 03:37:24 dino_final_lr5e-4_sincos_pflash_ep100_adamw_clip3.0_reshape_layernorm_p12_channel3_gpu4_s42_wd](engine_pretrain_dino.py 120): INFO Epoch 1/200 [134/1413]  Loss: 11.1865
[2025-01-10 03:37:25 dino_final_lr5e-4_sincos_pflash_ep100_adamw_clip3.0_reshape_layernorm_p12_channel3_gpu4_s42_wd](engine_pretrain_dino.py 120): INFO Epoch 1/200 [135/1413]  Loss: 11.1864
[2025-01-10 03:37:26 dino_final_lr5e-4_sincos_pflash_ep100_adamw_clip3.0_reshape_layernorm_p12_channel3_gpu4_s42_wd](engine_pretrain_dino.py 120): INFO Epoch 1/200 [136/1413]  Loss: 11.1856
[2025-01-10 03:37:48 dino_final_lr5e-4_sincos_pflash_ep100_adamw_clip3.0_reshape_layernorm_p12_channel3_gpu4_s42_wd](engine_pretrain_dino.py 120): INFO Epoch 1/200 [137/1413]  Loss: 11.1852
[2025-01-10 03:37:49 dino_final_lr5e-4_sincos_pflash_ep100_adamw_clip3.0_reshape_layernorm_p12_channel3_gpu4_s42_wd](engine_pretrain_dino.py 120): INFO Epoch 1/200 [138/1413]  Loss: 11.1847
[2025-01-10 03:41:03 dino_final_lr5e-4_sincos_pflash_ep100_adamw_clip3.0_reshape_layernorm_p12_channel3_gpu4_s42_wd](engine_pretrain_dino.py 120): INFO Epoch 1/200 [139/1413]  Loss: 11.1845
[2025-01-10 03:41:04 dino_final_lr5e-4_sincos_pflash_ep100_adamw_clip3.0_reshape_layernorm_p12_channel3_gpu4_s42_wd](engine_pretrain_dino.py 120): INFO Epoch 1/200 [140/1413]  Loss: 11.1839
[2025-01-10 03:41:05 dino_final_lr5e-4_sincos_pflash_ep100_adamw_clip3.0_reshape_layernorm_p12_channel3_gpu4_s42_wd](engine_pretrain_dino.py 120): INFO Epoch 1/200 [141/1413]  Loss: 11.1839
[2025-01-10 03:41:06 dino_final_lr5e-4_sincos_pflash_ep100_adamw_clip3.0_reshape_layernorm_p12_channel3_gpu4_s42_wd](engine_pretrain_dino.py 120): INFO Epoch 1/200 [142/1413]  Loss: 11.1831
[2025-01-10 03:41:08 dino_final_lr5e-4_sincos_pflash_ep100_adamw_clip3.0_reshape_layernorm_p12_channel3_gpu4_s42_wd](engine_pretrain_dino.py 120): INFO Epoch 1/200 [143/1413]  Loss: 11.1822
[2025-01-10 03:41:09 dino_final_lr5e-4_sincos_pflash_ep100_adamw_clip3.0_reshape_layernorm_p12_channel3_gpu4_s42_wd](engine_pretrain_dino.py 120): INFO Epoch 1/200 [144/1413]  Loss: 11.1826
[2025-01-10 03:41:26 dino_final_lr5e-4_sincos_pflash_ep100_adamw_clip3.0_reshape_layernorm_p12_channel3_gpu4_s42_wd](engine_pretrain_dino.py 120): INFO Epoch 1/200 [145/1413]  Loss: 11.1825
[2025-01-10 03:41:27 dino_final_lr5e-4_sincos_pflash_ep100_adamw_clip3.0_reshape_layernorm_p12_channel3_gpu4_s42_wd](engine_pretrain_dino.py 120): INFO Epoch 1/200 [146/1413]  Loss: 11.1820
[2025-01-10 03:44:48 dino_final_lr5e-4_sincos_pflash_ep100_adamw_clip3.0_reshape_layernorm_p12_channel3_gpu4_s42_wd](engine_pretrain_dino.py 120): INFO Epoch 1/200 [147/1413]  Loss: 11.1817
[2025-01-10 03:44:50 dino_final_lr5e-4_sincos_pflash_ep100_adamw_clip3.0_reshape_layernorm_p12_channel3_gpu4_s42_wd](engine_pretrain_dino.py 120): INFO Epoch 1/200 [148/1413]  Loss: 11.1821
[2025-01-10 03:44:51 dino_final_lr5e-4_sincos_pflash_ep100_adamw_clip3.0_reshape_layernorm_p12_channel3_gpu4_s42_wd](engine_pretrain_dino.py 120): INFO Epoch 1/200 [149/1413]  Loss: 11.1814
[2025-01-10 03:44:52 dino_final_lr5e-4_sincos_pflash_ep100_adamw_clip3.0_reshape_layernorm_p12_channel3_gpu4_s42_wd](engine_pretrain_dino.py 120): INFO Epoch 1/200 [150/1413]  Loss: 11.1809
[2025-01-10 03:44:53 dino_final_lr5e-4_sincos_pflash_ep100_adamw_clip3.0_reshape_layernorm_p12_channel3_gpu4_s42_wd](engine_pretrain_dino.py 120): INFO Epoch 1/200 [151/1413]  Loss: 11.1803
[2025-01-10 03:44:55 dino_final_lr5e-4_sincos_pflash_ep100_adamw_clip3.0_reshape_layernorm_p12_channel3_gpu4_s42_wd](engine_pretrain_dino.py 120): INFO Epoch 1/200 [152/1413]  Loss: 11.1802
[2025-01-10 03:44:56 dino_final_lr5e-4_sincos_pflash_ep100_adamw_clip3.0_reshape_layernorm_p12_channel3_gpu4_s42_wd](engine_pretrain_dino.py 120): INFO Epoch 1/200 [153/1413]  Loss: 11.1803
[2025-01-10 03:44:57 dino_final_lr5e-4_sincos_pflash_ep100_adamw_clip3.0_reshape_layernorm_p12_channel3_gpu4_s42_wd](engine_pretrain_dino.py 120): INFO Epoch 1/200 [154/1413]  Loss: 11.1808
[2025-01-10 03:48:40 dino_final_lr5e-4_sincos_pflash_ep100_adamw_clip3.0_reshape_layernorm_p12_channel3_gpu4_s42_wd](engine_pretrain_dino.py 120): INFO Epoch 1/200 [155/1413]  Loss: 11.1801
[2025-01-10 03:48:42 dino_final_lr5e-4_sincos_pflash_ep100_adamw_clip3.0_reshape_layernorm_p12_channel3_gpu4_s42_wd](engine_pretrain_dino.py 120): INFO Epoch 1/200 [156/1413]  Loss: 11.1802
[2025-01-10 03:48:43 dino_final_lr5e-4_sincos_pflash_ep100_adamw_clip3.0_reshape_layernorm_p12_channel3_gpu4_s42_wd](engine_pretrain_dino.py 120): INFO Epoch 1/200 [157/1413]  Loss: 11.1799
[2025-01-10 03:48:44 dino_final_lr5e-4_sincos_pflash_ep100_adamw_clip3.0_reshape_layernorm_p12_channel3_gpu4_s42_wd](engine_pretrain_dino.py 120): INFO Epoch 1/200 [158/1413]  Loss: 11.1802
[2025-01-10 03:48:45 dino_final_lr5e-4_sincos_pflash_ep100_adamw_clip3.0_reshape_layernorm_p12_channel3_gpu4_s42_wd](engine_pretrain_dino.py 120): INFO Epoch 1/200 [159/1413]  Loss: 11.1801
[2025-01-10 03:48:46 dino_final_lr5e-4_sincos_pflash_ep100_adamw_clip3.0_reshape_layernorm_p12_channel3_gpu4_s42_wd](engine_pretrain_dino.py 120): INFO Epoch 1/200 [160/1413]  Loss: 11.1797
[2025-01-10 03:48:48 dino_final_lr5e-4_sincos_pflash_ep100_adamw_clip3.0_reshape_layernorm_p12_channel3_gpu4_s42_wd](engine_pretrain_dino.py 120): INFO Epoch 1/200 [161/1413]  Loss: 11.1800
[2025-01-10 03:48:49 dino_final_lr5e-4_sincos_pflash_ep100_adamw_clip3.0_reshape_layernorm_p12_channel3_gpu4_s42_wd](engine_pretrain_dino.py 120): INFO Epoch 1/200 [162/1413]  Loss: 11.1801
[2025-01-10 03:51:59 dino_final_lr5e-4_sincos_pflash_ep100_adamw_clip3.0_reshape_layernorm_p12_channel3_gpu4_s42_wd](engine_pretrain_dino.py 120): INFO Epoch 1/200 [163/1413]  Loss: 11.1806
[2025-01-10 03:52:00 dino_final_lr5e-4_sincos_pflash_ep100_adamw_clip3.0_reshape_layernorm_p12_channel3_gpu4_s42_wd](engine_pretrain_dino.py 120): INFO Epoch 1/200 [164/1413]  Loss: 11.1803
[2025-01-10 03:52:01 dino_final_lr5e-4_sincos_pflash_ep100_adamw_clip3.0_reshape_layernorm_p12_channel3_gpu4_s42_wd](engine_pretrain_dino.py 120): INFO Epoch 1/200 [165/1413]  Loss: 11.1804
[2025-01-10 03:52:03 dino_final_lr5e-4_sincos_pflash_ep100_adamw_clip3.0_reshape_layernorm_p12_channel3_gpu4_s42_wd](engine_pretrain_dino.py 120): INFO Epoch 1/200 [166/1413]  Loss: 11.1803
[2025-01-10 03:52:04 dino_final_lr5e-4_sincos_pflash_ep100_adamw_clip3.0_reshape_layernorm_p12_channel3_gpu4_s42_wd](engine_pretrain_dino.py 120): INFO Epoch 1/200 [167/1413]  Loss: 11.1806
[2025-01-10 03:52:05 dino_final_lr5e-4_sincos_pflash_ep100_adamw_clip3.0_reshape_layernorm_p12_channel3_gpu4_s42_wd](engine_pretrain_dino.py 120): INFO Epoch 1/200 [168/1413]  Loss: 11.1808
[2025-01-10 03:52:06 dino_final_lr5e-4_sincos_pflash_ep100_adamw_clip3.0_reshape_layernorm_p12_channel3_gpu4_s42_wd](engine_pretrain_dino.py 120): INFO Epoch 1/200 [169/1413]  Loss: 11.1808
[2025-01-10 03:52:08 dino_final_lr5e-4_sincos_pflash_ep100_adamw_clip3.0_reshape_layernorm_p12_channel3_gpu4_s42_wd](engine_pretrain_dino.py 120): INFO Epoch 1/200 [170/1413]  Loss: 11.1820
[2025-01-10 03:54:52 dino_final_lr5e-4_sincos_pflash_ep100_adamw_clip3.0_reshape_layernorm_p12_channel3_gpu4_s42_wd](engine_pretrain_dino.py 120): INFO Epoch 1/200 [171/1413]  Loss: 11.1812
[2025-01-10 03:54:54 dino_final_lr5e-4_sincos_pflash_ep100_adamw_clip3.0_reshape_layernorm_p12_channel3_gpu4_s42_wd](engine_pretrain_dino.py 120): INFO Epoch 1/200 [172/1413]  Loss: 11.1813
[2025-01-10 03:54:55 dino_final_lr5e-4_sincos_pflash_ep100_adamw_clip3.0_reshape_layernorm_p12_channel3_gpu4_s42_wd](engine_pretrain_dino.py 120): INFO Epoch 1/200 [173/1413]  Loss: 11.1823
[2025-01-10 03:54:56 dino_final_lr5e-4_sincos_pflash_ep100_adamw_clip3.0_reshape_layernorm_p12_channel3_gpu4_s42_wd](engine_pretrain_dino.py 120): INFO Epoch 1/200 [174/1413]  Loss: 11.1821
[2025-01-10 03:54:57 dino_final_lr5e-4_sincos_pflash_ep100_adamw_clip3.0_reshape_layernorm_p12_channel3_gpu4_s42_wd](engine_pretrain_dino.py 120): INFO Epoch 1/200 [175/1413]  Loss: 11.1806
[2025-01-10 03:54:59 dino_final_lr5e-4_sincos_pflash_ep100_adamw_clip3.0_reshape_layernorm_p12_channel3_gpu4_s42_wd](engine_pretrain_dino.py 120): INFO Epoch 1/200 [176/1413]  Loss: 11.1819
[2025-01-10 03:55:00 dino_final_lr5e-4_sincos_pflash_ep100_adamw_clip3.0_reshape_layernorm_p12_channel3_gpu4_s42_wd](engine_pretrain_dino.py 120): INFO Epoch 1/200 [177/1413]  Loss: 11.1824
[2025-01-10 03:55:01 dino_final_lr5e-4_sincos_pflash_ep100_adamw_clip3.0_reshape_layernorm_p12_channel3_gpu4_s42_wd](engine_pretrain_dino.py 120): INFO Epoch 1/200 [178/1413]  Loss: 11.1827
[2025-01-10 03:58:12 dino_final_lr5e-4_sincos_pflash_ep100_adamw_clip3.0_reshape_layernorm_p12_channel3_gpu4_s42_wd](engine_pretrain_dino.py 120): INFO Epoch 1/200 [179/1413]  Loss: 11.1838
[2025-01-10 03:58:13 dino_final_lr5e-4_sincos_pflash_ep100_adamw_clip3.0_reshape_layernorm_p12_channel3_gpu4_s42_wd](engine_pretrain_dino.py 120): INFO Epoch 1/200 [180/1413]  Loss: 11.1838
[2025-01-10 03:58:14 dino_final_lr5e-4_sincos_pflash_ep100_adamw_clip3.0_reshape_layernorm_p12_channel3_gpu4_s42_wd](engine_pretrain_dino.py 120): INFO Epoch 1/200 [181/1413]  Loss: 11.1835
[2025-01-10 03:58:16 dino_final_lr5e-4_sincos_pflash_ep100_adamw_clip3.0_reshape_layernorm_p12_channel3_gpu4_s42_wd](engine_pretrain_dino.py 120): INFO Epoch 1/200 [182/1413]  Loss: 11.1841
[2025-01-10 03:58:17 dino_final_lr5e-4_sincos_pflash_ep100_adamw_clip3.0_reshape_layernorm_p12_channel3_gpu4_s42_wd](engine_pretrain_dino.py 120): INFO Epoch 1/200 [183/1413]  Loss: 11.1840
[2025-01-10 03:58:18 dino_final_lr5e-4_sincos_pflash_ep100_adamw_clip3.0_reshape_layernorm_p12_channel3_gpu4_s42_wd](engine_pretrain_dino.py 120): INFO Epoch 1/200 [184/1413]  Loss: 11.1849
[2025-01-10 03:59:03 dino_final_lr5e-4_sincos_pflash_ep100_adamw_clip3.0_reshape_layernorm_p12_channel3_gpu4_s42_wd](engine_pretrain_dino.py 120): INFO Epoch 1/200 [185/1413]  Loss: 11.1845
[2025-01-10 03:59:04 dino_final_lr5e-4_sincos_pflash_ep100_adamw_clip3.0_reshape_layernorm_p12_channel3_gpu4_s42_wd](engine_pretrain_dino.py 120): INFO Epoch 1/200 [186/1413]  Loss: 11.1833
[2025-01-10 04:01:40 dino_final_lr5e-4_sincos_pflash_ep100_adamw_clip3.0_reshape_layernorm_p12_channel3_gpu4_s42_wd](engine_pretrain_dino.py 120): INFO Epoch 1/200 [187/1413]  Loss: 11.1860
[2025-01-10 04:01:41 dino_final_lr5e-4_sincos_pflash_ep100_adamw_clip3.0_reshape_layernorm_p12_channel3_gpu4_s42_wd](engine_pretrain_dino.py 120): INFO Epoch 1/200 [188/1413]  Loss: 11.1862
[2025-01-10 04:01:43 dino_final_lr5e-4_sincos_pflash_ep100_adamw_clip3.0_reshape_layernorm_p12_channel3_gpu4_s42_wd](engine_pretrain_dino.py 120): INFO Epoch 1/200 [189/1413]  Loss: 11.1864
[2025-01-10 04:01:44 dino_final_lr5e-4_sincos_pflash_ep100_adamw_clip3.0_reshape_layernorm_p12_channel3_gpu4_s42_wd](engine_pretrain_dino.py 120): INFO Epoch 1/200 [190/1413]  Loss: 11.1862
[2025-01-10 04:01:45 dino_final_lr5e-4_sincos_pflash_ep100_adamw_clip3.0_reshape_layernorm_p12_channel3_gpu4_s42_wd](engine_pretrain_dino.py 120): INFO Epoch 1/200 [191/1413]  Loss: 11.1858
[2025-01-10 04:01:46 dino_final_lr5e-4_sincos_pflash_ep100_adamw_clip3.0_reshape_layernorm_p12_channel3_gpu4_s42_wd](engine_pretrain_dino.py 120): INFO Epoch 1/200 [192/1413]  Loss: 11.1874
[2025-01-10 04:02:40 dino_final_lr5e-4_sincos_pflash_ep100_adamw_clip3.0_reshape_layernorm_p12_channel3_gpu4_s42_wd](engine_pretrain_dino.py 120): INFO Epoch 1/200 [193/1413]  Loss: 11.1874
[2025-01-10 04:02:42 dino_final_lr5e-4_sincos_pflash_ep100_adamw_clip3.0_reshape_layernorm_p12_channel3_gpu4_s42_wd](engine_pretrain_dino.py 120): INFO Epoch 1/200 [194/1413]  Loss: 11.1878
[2025-01-10 04:05:36 dino_final_lr5e-4_sincos_pflash_ep100_adamw_clip3.0_reshape_layernorm_p12_channel3_gpu4_s42_wd](engine_pretrain_dino.py 120): INFO Epoch 1/200 [195/1413]  Loss: 11.1868
[2025-01-10 04:05:37 dino_final_lr5e-4_sincos_pflash_ep100_adamw_clip3.0_reshape_layernorm_p12_channel3_gpu4_s42_wd](engine_pretrain_dino.py 120): INFO Epoch 1/200 [196/1413]  Loss: 11.1874
[2025-01-10 04:05:38 dino_final_lr5e-4_sincos_pflash_ep100_adamw_clip3.0_reshape_layernorm_p12_channel3_gpu4_s42_wd](engine_pretrain_dino.py 120): INFO Epoch 1/200 [197/1413]  Loss: 11.1872
[2025-01-10 04:05:50 dino_final_lr5e-4_sincos_pflash_ep100_adamw_clip3.0_reshape_layernorm_p12_channel3_gpu4_s42_wd](engine_pretrain_dino.py 120): INFO Epoch 1/200 [198/1413]  Loss: 11.1882
[2025-01-10 04:05:51 dino_final_lr5e-4_sincos_pflash_ep100_adamw_clip3.0_reshape_layernorm_p12_channel3_gpu4_s42_wd](engine_pretrain_dino.py 120): INFO Epoch 1/200 [199/1413]  Loss: 11.1881
[2025-01-10 04:05:52 dino_final_lr5e-4_sincos_pflash_ep100_adamw_clip3.0_reshape_layernorm_p12_channel3_gpu4_s42_wd](engine_pretrain_dino.py 120): INFO Epoch 1/200 [200/1413]  Loss: 11.1897
[2025-01-10 04:05:54 dino_final_lr5e-4_sincos_pflash_ep100_adamw_clip3.0_reshape_layernorm_p12_channel3_gpu4_s42_wd](engine_pretrain_dino.py 120): INFO Epoch 1/200 [201/1413]  Loss: 11.1880
[2025-01-10 04:05:55 dino_final_lr5e-4_sincos_pflash_ep100_adamw_clip3.0_reshape_layernorm_p12_channel3_gpu4_s42_wd](engine_pretrain_dino.py 120): INFO Epoch 1/200 [202/1413]  Loss: 11.1883
[2025-01-10 04:09:13 dino_final_lr5e-4_sincos_pflash_ep100_adamw_clip3.0_reshape_layernorm_p12_channel3_gpu4_s42_wd](engine_pretrain_dino.py 120): INFO Epoch 1/200 [203/1413]  Loss: 11.1877
[2025-01-10 04:09:14 dino_final_lr5e-4_sincos_pflash_ep100_adamw_clip3.0_reshape_layernorm_p12_channel3_gpu4_s42_wd](engine_pretrain_dino.py 120): INFO Epoch 1/200 [204/1413]  Loss: 11.1892
[2025-01-10 04:09:15 dino_final_lr5e-4_sincos_pflash_ep100_adamw_clip3.0_reshape_layernorm_p12_channel3_gpu4_s42_wd](engine_pretrain_dino.py 120): INFO Epoch 1/200 [205/1413]  Loss: 11.1895
[2025-01-10 04:09:49 dino_final_lr5e-4_sincos_pflash_ep100_adamw_clip3.0_reshape_layernorm_p12_channel3_gpu4_s42_wd](engine_pretrain_dino.py 120): INFO Epoch 1/200 [206/1413]  Loss: 11.1892
[2025-01-10 04:09:50 dino_final_lr5e-4_sincos_pflash_ep100_adamw_clip3.0_reshape_layernorm_p12_channel3_gpu4_s42_wd](engine_pretrain_dino.py 120): INFO Epoch 1/200 [207/1413]  Loss: 11.1878
[2025-01-10 04:09:51 dino_final_lr5e-4_sincos_pflash_ep100_adamw_clip3.0_reshape_layernorm_p12_channel3_gpu4_s42_wd](engine_pretrain_dino.py 120): INFO Epoch 1/200 [208/1413]  Loss: 11.1883
[2025-01-10 04:09:53 dino_final_lr5e-4_sincos_pflash_ep100_adamw_clip3.0_reshape_layernorm_p12_channel3_gpu4_s42_wd](engine_pretrain_dino.py 120): INFO Epoch 1/200 [209/1413]  Loss: 11.1877
[2025-01-10 04:09:54 dino_final_lr5e-4_sincos_pflash_ep100_adamw_clip3.0_reshape_layernorm_p12_channel3_gpu4_s42_wd](engine_pretrain_dino.py 120): INFO Epoch 1/200 [210/1413]  Loss: 11.1889
[2025-01-10 04:13:00 dino_final_lr5e-4_sincos_pflash_ep100_adamw_clip3.0_reshape_layernorm_p12_channel3_gpu4_s42_wd](engine_pretrain_dino.py 120): INFO Epoch 1/200 [211/1413]  Loss: 11.1912
[2025-01-10 04:13:01 dino_final_lr5e-4_sincos_pflash_ep100_adamw_clip3.0_reshape_layernorm_p12_channel3_gpu4_s42_wd](engine_pretrain_dino.py 120): INFO Epoch 1/200 [212/1413]  Loss: 11.1902
[2025-01-10 04:13:02 dino_final_lr5e-4_sincos_pflash_ep100_adamw_clip3.0_reshape_layernorm_p12_channel3_gpu4_s42_wd](engine_pretrain_dino.py 120): INFO Epoch 1/200 [213/1413]  Loss: 11.1892
[2025-01-10 04:13:36 dino_final_lr5e-4_sincos_pflash_ep100_adamw_clip3.0_reshape_layernorm_p12_channel3_gpu4_s42_wd](engine_pretrain_dino.py 120): INFO Epoch 1/200 [214/1413]  Loss: 11.1884
[2025-01-10 04:13:37 dino_final_lr5e-4_sincos_pflash_ep100_adamw_clip3.0_reshape_layernorm_p12_channel3_gpu4_s42_wd](engine_pretrain_dino.py 120): INFO Epoch 1/200 [215/1413]  Loss: 11.1906
[2025-01-10 04:13:39 dino_final_lr5e-4_sincos_pflash_ep100_adamw_clip3.0_reshape_layernorm_p12_channel3_gpu4_s42_wd](engine_pretrain_dino.py 120): INFO Epoch 1/200 [216/1413]  Loss: 11.1896
[2025-01-10 04:13:42 dino_final_lr5e-4_sincos_pflash_ep100_adamw_clip3.0_reshape_layernorm_p12_channel3_gpu4_s42_wd](engine_pretrain_dino.py 120): INFO Epoch 1/200 [217/1413]  Loss: 11.1915
[2025-01-10 04:13:44 dino_final_lr5e-4_sincos_pflash_ep100_adamw_clip3.0_reshape_layernorm_p12_channel3_gpu4_s42_wd](engine_pretrain_dino.py 120): INFO Epoch 1/200 [218/1413]  Loss: 11.1892
Wrong number of channels in index 59651: (138, 163, 197, 99)
[2025-01-10 04:16:43 dino_final_lr5e-4_sincos_pflash_ep100_adamw_clip3.0_reshape_layernorm_p12_channel3_gpu4_s42_wd](engine_pretrain_dino.py 120): INFO Epoch 1/200 [219/1413]  Loss: 11.1899
[2025-01-10 04:16:45 dino_final_lr5e-4_sincos_pflash_ep100_adamw_clip3.0_reshape_layernorm_p12_channel3_gpu4_s42_wd](engine_pretrain_dino.py 120): INFO Epoch 1/200 [220/1413]  Loss: 11.1919
[2025-01-10 04:16:46 dino_final_lr5e-4_sincos_pflash_ep100_adamw_clip3.0_reshape_layernorm_p12_channel3_gpu4_s42_wd](engine_pretrain_dino.py 120): INFO Epoch 1/200 [221/1413]  Loss: 11.1895
[2025-01-10 04:16:49 dino_final_lr5e-4_sincos_pflash_ep100_adamw_clip3.0_reshape_layernorm_p12_channel3_gpu4_s42_wd](engine_pretrain_dino.py 120): INFO Epoch 1/200 [222/1413]  Loss: 11.1879
[2025-01-10 04:16:50 dino_final_lr5e-4_sincos_pflash_ep100_adamw_clip3.0_reshape_layernorm_p12_channel3_gpu4_s42_wd](engine_pretrain_dino.py 120): INFO Epoch 1/200 [223/1413]  Loss: 11.1883
[2025-01-10 04:16:51 dino_final_lr5e-4_sincos_pflash_ep100_adamw_clip3.0_reshape_layernorm_p12_channel3_gpu4_s42_wd](engine_pretrain_dino.py 120): INFO Epoch 1/200 [224/1413]  Loss: 11.1883
[2025-01-10 04:17:36 dino_final_lr5e-4_sincos_pflash_ep100_adamw_clip3.0_reshape_layernorm_p12_channel3_gpu4_s42_wd](engine_pretrain_dino.py 120): INFO Epoch 1/200 [225/1413]  Loss: 11.1902
[2025-01-10 04:17:38 dino_final_lr5e-4_sincos_pflash_ep100_adamw_clip3.0_reshape_layernorm_p12_channel3_gpu4_s42_wd](engine_pretrain_dino.py 120): INFO Epoch 1/200 [226/1413]  Loss: 11.1901
[2025-01-10 04:19:53 dino_final_lr5e-4_sincos_pflash_ep100_adamw_clip3.0_reshape_layernorm_p12_channel3_gpu4_s42_wd](engine_pretrain_dino.py 120): INFO Epoch 1/200 [227/1413]  Loss: 11.1897
[2025-01-10 04:19:55 dino_final_lr5e-4_sincos_pflash_ep100_adamw_clip3.0_reshape_layernorm_p12_channel3_gpu4_s42_wd](engine_pretrain_dino.py 120): INFO Epoch 1/200 [228/1413]  Loss: 11.1884
[2025-01-10 04:19:56 dino_final_lr5e-4_sincos_pflash_ep100_adamw_clip3.0_reshape_layernorm_p12_channel3_gpu4_s42_wd](engine_pretrain_dino.py 120): INFO Epoch 1/200 [229/1413]  Loss: 11.1894
[2025-01-10 04:21:07 dino_final_lr5e-4_sincos_pflash_ep100_adamw_clip3.0_reshape_layernorm_p12_channel3_gpu4_s42_wd](engine_pretrain_dino.py 120): INFO Epoch 1/200 [230/1413]  Loss: 11.1894
[2025-01-10 04:21:08 dino_final_lr5e-4_sincos_pflash_ep100_adamw_clip3.0_reshape_layernorm_p12_channel3_gpu4_s42_wd](engine_pretrain_dino.py 120): INFO Epoch 1/200 [231/1413]  Loss: 11.1896
[2025-01-10 04:21:09 dino_final_lr5e-4_sincos_pflash_ep100_adamw_clip3.0_reshape_layernorm_p12_channel3_gpu4_s42_wd](engine_pretrain_dino.py 120): INFO Epoch 1/200 [232/1413]  Loss: 11.1898
[2025-01-10 04:21:10 dino_final_lr5e-4_sincos_pflash_ep100_adamw_clip3.0_reshape_layernorm_p12_channel3_gpu4_s42_wd](engine_pretrain_dino.py 120): INFO Epoch 1/200 [233/1413]  Loss: 11.1886
[2025-01-10 04:21:11 dino_final_lr5e-4_sincos_pflash_ep100_adamw_clip3.0_reshape_layernorm_p12_channel3_gpu4_s42_wd](engine_pretrain_dino.py 120): INFO Epoch 1/200 [234/1413]  Loss: 11.1892
[2025-01-10 04:23:22 dino_final_lr5e-4_sincos_pflash_ep100_adamw_clip3.0_reshape_layernorm_p12_channel3_gpu4_s42_wd](engine_pretrain_dino.py 120): INFO Epoch 1/200 [235/1413]  Loss: 11.1917
[2025-01-10 04:23:23 dino_final_lr5e-4_sincos_pflash_ep100_adamw_clip3.0_reshape_layernorm_p12_channel3_gpu4_s42_wd](engine_pretrain_dino.py 120): INFO Epoch 1/200 [236/1413]  Loss: 11.1885
[2025-01-10 04:23:24 dino_final_lr5e-4_sincos_pflash_ep100_adamw_clip3.0_reshape_layernorm_p12_channel3_gpu4_s42_wd](engine_pretrain_dino.py 120): INFO Epoch 1/200 [237/1413]  Loss: 11.1906
[2025-01-10 04:24:21 dino_final_lr5e-4_sincos_pflash_ep100_adamw_clip3.0_reshape_layernorm_p12_channel3_gpu4_s42_wd](engine_pretrain_dino.py 120): INFO Epoch 1/200 [238/1413]  Loss: 11.1888
[2025-01-10 04:24:23 dino_final_lr5e-4_sincos_pflash_ep100_adamw_clip3.0_reshape_layernorm_p12_channel3_gpu4_s42_wd](engine_pretrain_dino.py 120): INFO Epoch 1/200 [239/1413]  Loss: 11.1873
[2025-01-10 04:24:24 dino_final_lr5e-4_sincos_pflash_ep100_adamw_clip3.0_reshape_layernorm_p12_channel3_gpu4_s42_wd](engine_pretrain_dino.py 120): INFO Epoch 1/200 [240/1413]  Loss: 11.1882
[2025-01-10 04:24:47 dino_final_lr5e-4_sincos_pflash_ep100_adamw_clip3.0_reshape_layernorm_p12_channel3_gpu4_s42_wd](engine_pretrain_dino.py 120): INFO Epoch 1/200 [241/1413]  Loss: 11.1879
[2025-01-10 04:24:49 dino_final_lr5e-4_sincos_pflash_ep100_adamw_clip3.0_reshape_layernorm_p12_channel3_gpu4_s42_wd](engine_pretrain_dino.py 120): INFO Epoch 1/200 [242/1413]  Loss: 11.1875
[2025-01-10 04:27:00 dino_final_lr5e-4_sincos_pflash_ep100_adamw_clip3.0_reshape_layernorm_p12_channel3_gpu4_s42_wd](engine_pretrain_dino.py 120): INFO Epoch 1/200 [243/1413]  Loss: 11.1887
[2025-01-10 04:27:01 dino_final_lr5e-4_sincos_pflash_ep100_adamw_clip3.0_reshape_layernorm_p12_channel3_gpu4_s42_wd](engine_pretrain_dino.py 120): INFO Epoch 1/200 [244/1413]  Loss: 11.1889
[2025-01-10 04:27:02 dino_final_lr5e-4_sincos_pflash_ep100_adamw_clip3.0_reshape_layernorm_p12_channel3_gpu4_s42_wd](engine_pretrain_dino.py 120): INFO Epoch 1/200 [245/1413]  Loss: 11.1863
[2025-01-10 04:28:19 dino_final_lr5e-4_sincos_pflash_ep100_adamw_clip3.0_reshape_layernorm_p12_channel3_gpu4_s42_wd](engine_pretrain_dino.py 120): INFO Epoch 1/200 [246/1413]  Loss: 11.1889
[2025-01-10 04:28:20 dino_final_lr5e-4_sincos_pflash_ep100_adamw_clip3.0_reshape_layernorm_p12_channel3_gpu4_s42_wd](engine_pretrain_dino.py 120): INFO Epoch 1/200 [247/1413]  Loss: 11.1862
[2025-01-10 04:28:21 dino_final_lr5e-4_sincos_pflash_ep100_adamw_clip3.0_reshape_layernorm_p12_channel3_gpu4_s42_wd](engine_pretrain_dino.py 120): INFO Epoch 1/200 [248/1413]  Loss: 11.1875
[2025-01-10 04:28:46 dino_final_lr5e-4_sincos_pflash_ep100_adamw_clip3.0_reshape_layernorm_p12_channel3_gpu4_s42_wd](engine_pretrain_dino.py 120): INFO Epoch 1/200 [249/1413]  Loss: 11.1882
[2025-01-10 04:28:47 dino_final_lr5e-4_sincos_pflash_ep100_adamw_clip3.0_reshape_layernorm_p12_channel3_gpu4_s42_wd](engine_pretrain_dino.py 120): INFO Epoch 1/200 [250/1413]  Loss: 11.1865
[2025-01-10 04:30:24 dino_final_lr5e-4_sincos_pflash_ep100_adamw_clip3.0_reshape_layernorm_p12_channel3_gpu4_s42_wd](engine_pretrain_dino.py 120): INFO Epoch 1/200 [251/1413]  Loss: 11.1884
[2025-01-10 04:30:26 dino_final_lr5e-4_sincos_pflash_ep100_adamw_clip3.0_reshape_layernorm_p12_channel3_gpu4_s42_wd](engine_pretrain_dino.py 120): INFO Epoch 1/200 [252/1413]  Loss: 11.1879
[2025-01-10 04:30:27 dino_final_lr5e-4_sincos_pflash_ep100_adamw_clip3.0_reshape_layernorm_p12_channel3_gpu4_s42_wd](engine_pretrain_dino.py 120): INFO Epoch 1/200 [253/1413]  Loss: 11.1896
[2025-01-10 04:31:25 dino_final_lr5e-4_sincos_pflash_ep100_adamw_clip3.0_reshape_layernorm_p12_channel3_gpu4_s42_wd](engine_pretrain_dino.py 120): INFO Epoch 1/200 [254/1413]  Loss: 11.1898
[2025-01-10 04:31:27 dino_final_lr5e-4_sincos_pflash_ep100_adamw_clip3.0_reshape_layernorm_p12_channel3_gpu4_s42_wd](engine_pretrain_dino.py 120): INFO Epoch 1/200 [255/1413]  Loss: 11.1884
[2025-01-10 04:31:28 dino_final_lr5e-4_sincos_pflash_ep100_adamw_clip3.0_reshape_layernorm_p12_channel3_gpu4_s42_wd](engine_pretrain_dino.py 120): INFO Epoch 1/200 [256/1413]  Loss: 11.1873
[2025-01-10 04:32:23 dino_final_lr5e-4_sincos_pflash_ep100_adamw_clip3.0_reshape_layernorm_p12_channel3_gpu4_s42_wd](engine_pretrain_dino.py 120): INFO Epoch 1/200 [257/1413]  Loss: 11.1851
[2025-01-10 04:32:24 dino_final_lr5e-4_sincos_pflash_ep100_adamw_clip3.0_reshape_layernorm_p12_channel3_gpu4_s42_wd](engine_pretrain_dino.py 120): INFO Epoch 1/200 [258/1413]  Loss: 11.1852
[2025-01-10 04:34:35 dino_final_lr5e-4_sincos_pflash_ep100_adamw_clip3.0_reshape_layernorm_p12_channel3_gpu4_s42_wd](engine_pretrain_dino.py 120): INFO Epoch 1/200 [259/1413]  Loss: 11.1876
[2025-01-10 04:34:36 dino_final_lr5e-4_sincos_pflash_ep100_adamw_clip3.0_reshape_layernorm_p12_channel3_gpu4_s42_wd](engine_pretrain_dino.py 120): INFO Epoch 1/200 [260/1413]  Loss: 11.1877
[2025-01-10 04:34:38 dino_final_lr5e-4_sincos_pflash_ep100_adamw_clip3.0_reshape_layernorm_p12_channel3_gpu4_s42_wd](engine_pretrain_dino.py 120): INFO Epoch 1/200 [261/1413]  Loss: 11.1880
[2025-01-10 04:34:39 dino_final_lr5e-4_sincos_pflash_ep100_adamw_clip3.0_reshape_layernorm_p12_channel3_gpu4_s42_wd](engine_pretrain_dino.py 120): INFO Epoch 1/200 [262/1413]  Loss: 11.1875
[2025-01-10 04:34:40 dino_final_lr5e-4_sincos_pflash_ep100_adamw_clip3.0_reshape_layernorm_p12_channel3_gpu4_s42_wd](engine_pretrain_dino.py 120): INFO Epoch 1/200 [263/1413]  Loss: 11.1889
[2025-01-10 04:35:01 dino_final_lr5e-4_sincos_pflash_ep100_adamw_clip3.0_reshape_layernorm_p12_channel3_gpu4_s42_wd](engine_pretrain_dino.py 120): INFO Epoch 1/200 [264/1413]  Loss: 11.1853
[2025-01-10 04:36:05 dino_final_lr5e-4_sincos_pflash_ep100_adamw_clip3.0_reshape_layernorm_p12_channel3_gpu4_s42_wd](engine_pretrain_dino.py 120): INFO Epoch 1/200 [265/1413]  Loss: 11.1886
[2025-01-10 04:36:07 dino_final_lr5e-4_sincos_pflash_ep100_adamw_clip3.0_reshape_layernorm_p12_channel3_gpu4_s42_wd](engine_pretrain_dino.py 120): INFO Epoch 1/200 [266/1413]  Loss: 11.1875
[2025-01-10 04:38:06 dino_final_lr5e-4_sincos_pflash_ep100_adamw_clip3.0_reshape_layernorm_p12_channel3_gpu4_s42_wd](engine_pretrain_dino.py 120): INFO Epoch 1/200 [267/1413]  Loss: 11.1880
[2025-01-10 04:38:07 dino_final_lr5e-4_sincos_pflash_ep100_adamw_clip3.0_reshape_layernorm_p12_channel3_gpu4_s42_wd](engine_pretrain_dino.py 120): INFO Epoch 1/200 [268/1413]  Loss: 11.1888
[2025-01-10 04:38:09 dino_final_lr5e-4_sincos_pflash_ep100_adamw_clip3.0_reshape_layernorm_p12_channel3_gpu4_s42_wd](engine_pretrain_dino.py 120): INFO Epoch 1/200 [269/1413]  Loss: 11.1848
[2025-01-10 04:38:10 dino_final_lr5e-4_sincos_pflash_ep100_adamw_clip3.0_reshape_layernorm_p12_channel3_gpu4_s42_wd](engine_pretrain_dino.py 120): INFO Epoch 1/200 [270/1413]  Loss: 11.1877
[2025-01-10 04:38:11 dino_final_lr5e-4_sincos_pflash_ep100_adamw_clip3.0_reshape_layernorm_p12_channel3_gpu4_s42_wd](engine_pretrain_dino.py 120): INFO Epoch 1/200 [271/1413]  Loss: 11.1876
[2025-01-10 04:38:36 dino_final_lr5e-4_sincos_pflash_ep100_adamw_clip3.0_reshape_layernorm_p12_channel3_gpu4_s42_wd](engine_pretrain_dino.py 120): INFO Epoch 1/200 [272/1413]  Loss: 11.1852
[2025-01-10 04:39:43 dino_final_lr5e-4_sincos_pflash_ep100_adamw_clip3.0_reshape_layernorm_p12_channel3_gpu4_s42_wd](engine_pretrain_dino.py 120): INFO Epoch 1/200 [273/1413]  Loss: 11.1880
[2025-01-10 04:39:45 dino_final_lr5e-4_sincos_pflash_ep100_adamw_clip3.0_reshape_layernorm_p12_channel3_gpu4_s42_wd](engine_pretrain_dino.py 120): INFO Epoch 1/200 [274/1413]  Loss: 11.1917
[2025-01-10 04:41:48 dino_final_lr5e-4_sincos_pflash_ep100_adamw_clip3.0_reshape_layernorm_p12_channel3_gpu4_s42_wd](engine_pretrain_dino.py 120): INFO Epoch 1/200 [275/1413]  Loss: 11.1893
[2025-01-10 04:41:49 dino_final_lr5e-4_sincos_pflash_ep100_adamw_clip3.0_reshape_layernorm_p12_channel3_gpu4_s42_wd](engine_pretrain_dino.py 120): INFO Epoch 1/200 [276/1413]  Loss: 11.1874
[2025-01-10 04:41:50 dino_final_lr5e-4_sincos_pflash_ep100_adamw_clip3.0_reshape_layernorm_p12_channel3_gpu4_s42_wd](engine_pretrain_dino.py 120): INFO Epoch 1/200 [277/1413]  Loss: 11.1885
[2025-01-10 04:41:51 dino_final_lr5e-4_sincos_pflash_ep100_adamw_clip3.0_reshape_layernorm_p12_channel3_gpu4_s42_wd](engine_pretrain_dino.py 120): INFO Epoch 1/200 [278/1413]  Loss: 11.1874
[2025-01-10 04:41:52 dino_final_lr5e-4_sincos_pflash_ep100_adamw_clip3.0_reshape_layernorm_p12_channel3_gpu4_s42_wd](engine_pretrain_dino.py 120): INFO Epoch 1/200 [279/1413]  Loss: 11.1859
[2025-01-10 04:42:13 dino_final_lr5e-4_sincos_pflash_ep100_adamw_clip3.0_reshape_layernorm_p12_channel3_gpu4_s42_wd](engine_pretrain_dino.py 120): INFO Epoch 1/200 [280/1413]  Loss: 11.1889
[2025-01-10 04:43:36 dino_final_lr5e-4_sincos_pflash_ep100_adamw_clip3.0_reshape_layernorm_p12_channel3_gpu4_s42_wd](engine_pretrain_dino.py 120): INFO Epoch 1/200 [281/1413]  Loss: 11.1917
[2025-01-10 04:43:37 dino_final_lr5e-4_sincos_pflash_ep100_adamw_clip3.0_reshape_layernorm_p12_channel3_gpu4_s42_wd](engine_pretrain_dino.py 120): INFO Epoch 1/200 [282/1413]  Loss: 11.1882
[2025-01-10 04:45:30 dino_final_lr5e-4_sincos_pflash_ep100_adamw_clip3.0_reshape_layernorm_p12_channel3_gpu4_s42_wd](engine_pretrain_dino.py 120): INFO Epoch 1/200 [283/1413]  Loss: 11.1872
[2025-01-10 04:45:31 dino_final_lr5e-4_sincos_pflash_ep100_adamw_clip3.0_reshape_layernorm_p12_channel3_gpu4_s42_wd](engine_pretrain_dino.py 120): INFO Epoch 1/200 [284/1413]  Loss: 11.1898
[2025-01-10 04:45:32 dino_final_lr5e-4_sincos_pflash_ep100_adamw_clip3.0_reshape_layernorm_p12_channel3_gpu4_s42_wd](engine_pretrain_dino.py 120): INFO Epoch 1/200 [285/1413]  Loss: 11.1849
[2025-01-10 04:45:34 dino_final_lr5e-4_sincos_pflash_ep100_adamw_clip3.0_reshape_layernorm_p12_channel3_gpu4_s42_wd](engine_pretrain_dino.py 120): INFO Epoch 1/200 [286/1413]  Loss: 11.1900
[2025-01-10 04:45:35 dino_final_lr5e-4_sincos_pflash_ep100_adamw_clip3.0_reshape_layernorm_p12_channel3_gpu4_s42_wd](engine_pretrain_dino.py 120): INFO Epoch 1/200 [287/1413]  Loss: 11.1894
[2025-01-10 04:45:46 dino_final_lr5e-4_sincos_pflash_ep100_adamw_clip3.0_reshape_layernorm_p12_channel3_gpu4_s42_wd](engine_pretrain_dino.py 120): INFO Epoch 1/200 [288/1413]  Loss: 11.1875
[2025-01-10 04:46:42 dino_final_lr5e-4_sincos_pflash_ep100_adamw_clip3.0_reshape_layernorm_p12_channel3_gpu4_s42_wd](engine_pretrain_dino.py 120): INFO Epoch 1/200 [289/1413]  Loss: 11.1857
[2025-01-10 04:46:44 dino_final_lr5e-4_sincos_pflash_ep100_adamw_clip3.0_reshape_layernorm_p12_channel3_gpu4_s42_wd](engine_pretrain_dino.py 120): INFO Epoch 1/200 [290/1413]  Loss: 11.1903
[2025-01-10 04:48:52 dino_final_lr5e-4_sincos_pflash_ep100_adamw_clip3.0_reshape_layernorm_p12_channel3_gpu4_s42_wd](engine_pretrain_dino.py 120): INFO Epoch 1/200 [291/1413]  Loss: 11.1879
[2025-01-10 04:48:53 dino_final_lr5e-4_sincos_pflash_ep100_adamw_clip3.0_reshape_layernorm_p12_channel3_gpu4_s42_wd](engine_pretrain_dino.py 120): INFO Epoch 1/200 [292/1413]  Loss: 11.1886
[2025-01-10 04:48:54 dino_final_lr5e-4_sincos_pflash_ep100_adamw_clip3.0_reshape_layernorm_p12_channel3_gpu4_s42_wd](engine_pretrain_dino.py 120): INFO Epoch 1/200 [293/1413]  Loss: 11.1909
[2025-01-10 04:48:55 dino_final_lr5e-4_sincos_pflash_ep100_adamw_clip3.0_reshape_layernorm_p12_channel3_gpu4_s42_wd](engine_pretrain_dino.py 120): INFO Epoch 1/200 [294/1413]  Loss: 11.1880
[2025-01-10 04:48:56 dino_final_lr5e-4_sincos_pflash_ep100_adamw_clip3.0_reshape_layernorm_p12_channel3_gpu4_s42_wd](engine_pretrain_dino.py 120): INFO Epoch 1/200 [295/1413]  Loss: 11.1890
[2025-01-10 04:49:58 dino_final_lr5e-4_sincos_pflash_ep100_adamw_clip3.0_reshape_layernorm_p12_channel3_gpu4_s42_wd](engine_pretrain_dino.py 120): INFO Epoch 1/200 [296/1413]  Loss: 11.1896
[2025-01-10 04:50:30 dino_final_lr5e-4_sincos_pflash_ep100_adamw_clip3.0_reshape_layernorm_p12_channel3_gpu4_s42_wd](engine_pretrain_dino.py 120): INFO Epoch 1/200 [297/1413]  Loss: 11.1883
[2025-01-10 04:50:32 dino_final_lr5e-4_sincos_pflash_ep100_adamw_clip3.0_reshape_layernorm_p12_channel3_gpu4_s42_wd](engine_pretrain_dino.py 120): INFO Epoch 1/200 [298/1413]  Loss: 11.1901
[2025-01-10 04:52:38 dino_final_lr5e-4_sincos_pflash_ep100_adamw_clip3.0_reshape_layernorm_p12_channel3_gpu4_s42_wd](engine_pretrain_dino.py 120): INFO Epoch 1/200 [299/1413]  Loss: 11.1906
[2025-01-10 04:52:39 dino_final_lr5e-4_sincos_pflash_ep100_adamw_clip3.0_reshape_layernorm_p12_channel3_gpu4_s42_wd](engine_pretrain_dino.py 120): INFO Epoch 1/200 [300/1413]  Loss: 11.1903
[2025-01-10 04:52:41 dino_final_lr5e-4_sincos_pflash_ep100_adamw_clip3.0_reshape_layernorm_p12_channel3_gpu4_s42_wd](engine_pretrain_dino.py 120): INFO Epoch 1/200 [301/1413]  Loss: 11.1942
[2025-01-10 04:52:42 dino_final_lr5e-4_sincos_pflash_ep100_adamw_clip3.0_reshape_layernorm_p12_channel3_gpu4_s42_wd](engine_pretrain_dino.py 120): INFO Epoch 1/200 [302/1413]  Loss: 11.1876
[2025-01-10 04:52:43 dino_final_lr5e-4_sincos_pflash_ep100_adamw_clip3.0_reshape_layernorm_p12_channel3_gpu4_s42_wd](engine_pretrain_dino.py 120): INFO Epoch 1/200 [303/1413]  Loss: 11.1914
[2025-01-10 04:53:51 dino_final_lr5e-4_sincos_pflash_ep100_adamw_clip3.0_reshape_layernorm_p12_channel3_gpu4_s42_wd](engine_pretrain_dino.py 120): INFO Epoch 1/200 [304/1413]  Loss: 11.1915
[2025-01-10 04:54:05 dino_final_lr5e-4_sincos_pflash_ep100_adamw_clip3.0_reshape_layernorm_p12_channel3_gpu4_s42_wd](engine_pretrain_dino.py 120): INFO Epoch 1/200 [305/1413]  Loss: 11.1928
[2025-01-10 04:54:06 dino_final_lr5e-4_sincos_pflash_ep100_adamw_clip3.0_reshape_layernorm_p12_channel3_gpu4_s42_wd](engine_pretrain_dino.py 120): INFO Epoch 1/200 [306/1413]  Loss: 11.1929
[2025-01-10 04:56:15 dino_final_lr5e-4_sincos_pflash_ep100_adamw_clip3.0_reshape_layernorm_p12_channel3_gpu4_s42_wd](engine_pretrain_dino.py 120): INFO Epoch 1/200 [307/1413]  Loss: 11.1938
[2025-01-10 04:56:17 dino_final_lr5e-4_sincos_pflash_ep100_adamw_clip3.0_reshape_layernorm_p12_channel3_gpu4_s42_wd](engine_pretrain_dino.py 120): INFO Epoch 1/200 [308/1413]  Loss: 11.1943
[2025-01-10 04:56:18 dino_final_lr5e-4_sincos_pflash_ep100_adamw_clip3.0_reshape_layernorm_p12_channel3_gpu4_s42_wd](engine_pretrain_dino.py 120): INFO Epoch 1/200 [309/1413]  Loss: 11.1927
[2025-01-10 04:56:19 dino_final_lr5e-4_sincos_pflash_ep100_adamw_clip3.0_reshape_layernorm_p12_channel3_gpu4_s42_wd](engine_pretrain_dino.py 120): INFO Epoch 1/200 [310/1413]  Loss: 11.1951
[2025-01-10 04:56:20 dino_final_lr5e-4_sincos_pflash_ep100_adamw_clip3.0_reshape_layernorm_p12_channel3_gpu4_s42_wd](engine_pretrain_dino.py 120): INFO Epoch 1/200 [311/1413]  Loss: 11.1938
[2025-01-10 04:57:12 dino_final_lr5e-4_sincos_pflash_ep100_adamw_clip3.0_reshape_layernorm_p12_channel3_gpu4_s42_wd](engine_pretrain_dino.py 120): INFO Epoch 1/200 [312/1413]  Loss: 11.1959
[2025-01-10 04:57:32 dino_final_lr5e-4_sincos_pflash_ep100_adamw_clip3.0_reshape_layernorm_p12_channel3_gpu4_s42_wd](engine_pretrain_dino.py 120): INFO Epoch 1/200 [313/1413]  Loss: 11.1960
[2025-01-10 04:57:34 dino_final_lr5e-4_sincos_pflash_ep100_adamw_clip3.0_reshape_layernorm_p12_channel3_gpu4_s42_wd](engine_pretrain_dino.py 120): INFO Epoch 1/200 [314/1413]  Loss: 11.1974
[2025-01-10 04:59:46 dino_final_lr5e-4_sincos_pflash_ep100_adamw_clip3.0_reshape_layernorm_p12_channel3_gpu4_s42_wd](engine_pretrain_dino.py 120): INFO Epoch 1/200 [315/1413]  Loss: 11.1975
[2025-01-10 04:59:47 dino_final_lr5e-4_sincos_pflash_ep100_adamw_clip3.0_reshape_layernorm_p12_channel3_gpu4_s42_wd](engine_pretrain_dino.py 120): INFO Epoch 1/200 [316/1413]  Loss: 11.1919
[2025-01-10 04:59:48 dino_final_lr5e-4_sincos_pflash_ep100_adamw_clip3.0_reshape_layernorm_p12_channel3_gpu4_s42_wd](engine_pretrain_dino.py 120): INFO Epoch 1/200 [317/1413]  Loss: 11.1954
[2025-01-10 04:59:49 dino_final_lr5e-4_sincos_pflash_ep100_adamw_clip3.0_reshape_layernorm_p12_channel3_gpu4_s42_wd](engine_pretrain_dino.py 120): INFO Epoch 1/200 [318/1413]  Loss: 11.1969
[2025-01-10 04:59:50 dino_final_lr5e-4_sincos_pflash_ep100_adamw_clip3.0_reshape_layernorm_p12_channel3_gpu4_s42_wd](engine_pretrain_dino.py 120): INFO Epoch 1/200 [319/1413]  Loss: 11.1955
[2025-01-10 05:00:45 dino_final_lr5e-4_sincos_pflash_ep100_adamw_clip3.0_reshape_layernorm_p12_channel3_gpu4_s42_wd](engine_pretrain_dino.py 120): INFO Epoch 1/200 [320/1413]  Loss: 11.1962
[2025-01-10 05:01:04 dino_final_lr5e-4_sincos_pflash_ep100_adamw_clip3.0_reshape_layernorm_p12_channel3_gpu4_s42_wd](engine_pretrain_dino.py 120): INFO Epoch 1/200 [321/1413]  Loss: 11.1975
[2025-01-10 05:01:05 dino_final_lr5e-4_sincos_pflash_ep100_adamw_clip3.0_reshape_layernorm_p12_channel3_gpu4_s42_wd](engine_pretrain_dino.py 120): INFO Epoch 1/200 [322/1413]  Loss: 11.1972
[2025-01-10 05:03:19 dino_final_lr5e-4_sincos_pflash_ep100_adamw_clip3.0_reshape_layernorm_p12_channel3_gpu4_s42_wd](engine_pretrain_dino.py 120): INFO Epoch 1/200 [323/1413]  Loss: 11.1978
[2025-01-10 05:03:20 dino_final_lr5e-4_sincos_pflash_ep100_adamw_clip3.0_reshape_layernorm_p12_channel3_gpu4_s42_wd](engine_pretrain_dino.py 120): INFO Epoch 1/200 [324/1413]  Loss: 11.1980
[2025-01-10 05:03:21 dino_final_lr5e-4_sincos_pflash_ep100_adamw_clip3.0_reshape_layernorm_p12_channel3_gpu4_s42_wd](engine_pretrain_dino.py 120): INFO Epoch 1/200 [325/1413]  Loss: 11.1995
[2025-01-10 05:03:22 dino_final_lr5e-4_sincos_pflash_ep100_adamw_clip3.0_reshape_layernorm_p12_channel3_gpu4_s42_wd](engine_pretrain_dino.py 120): INFO Epoch 1/200 [326/1413]  Loss: 11.2003
[2025-01-10 05:03:24 dino_final_lr5e-4_sincos_pflash_ep100_adamw_clip3.0_reshape_layernorm_p12_channel3_gpu4_s42_wd](engine_pretrain_dino.py 120): INFO Epoch 1/200 [327/1413]  Loss: 11.1960
[2025-01-10 05:04:02 dino_final_lr5e-4_sincos_pflash_ep100_adamw_clip3.0_reshape_layernorm_p12_channel3_gpu4_s42_wd](engine_pretrain_dino.py 120): INFO Epoch 1/200 [328/1413]  Loss: 11.1958
[2025-01-10 05:04:27 dino_final_lr5e-4_sincos_pflash_ep100_adamw_clip3.0_reshape_layernorm_p12_channel3_gpu4_s42_wd](engine_pretrain_dino.py 120): INFO Epoch 1/200 [329/1413]  Loss: 11.1926
[2025-01-10 05:04:28 dino_final_lr5e-4_sincos_pflash_ep100_adamw_clip3.0_reshape_layernorm_p12_channel3_gpu4_s42_wd](engine_pretrain_dino.py 120): INFO Epoch 1/200 [330/1413]  Loss: 11.1968
[2025-01-10 05:07:03 dino_final_lr5e-4_sincos_pflash_ep100_adamw_clip3.0_reshape_layernorm_p12_channel3_gpu4_s42_wd](engine_pretrain_dino.py 120): INFO Epoch 1/200 [331/1413]  Loss: 11.2007
[2025-01-10 05:07:04 dino_final_lr5e-4_sincos_pflash_ep100_adamw_clip3.0_reshape_layernorm_p12_channel3_gpu4_s42_wd](engine_pretrain_dino.py 120): INFO Epoch 1/200 [332/1413]  Loss: 11.1942
[2025-01-10 05:07:05 dino_final_lr5e-4_sincos_pflash_ep100_adamw_clip3.0_reshape_layernorm_p12_channel3_gpu4_s42_wd](engine_pretrain_dino.py 120): INFO Epoch 1/200 [333/1413]  Loss: 11.1973
[2025-01-10 05:07:06 dino_final_lr5e-4_sincos_pflash_ep100_adamw_clip3.0_reshape_layernorm_p12_channel3_gpu4_s42_wd](engine_pretrain_dino.py 120): INFO Epoch 1/200 [334/1413]  Loss: 11.1962
[2025-01-10 05:07:07 dino_final_lr5e-4_sincos_pflash_ep100_adamw_clip3.0_reshape_layernorm_p12_channel3_gpu4_s42_wd](engine_pretrain_dino.py 120): INFO Epoch 1/200 [335/1413]  Loss: 11.1921
[2025-01-10 05:07:09 dino_final_lr5e-4_sincos_pflash_ep100_adamw_clip3.0_reshape_layernorm_p12_channel3_gpu4_s42_wd](engine_pretrain_dino.py 120): INFO Epoch 1/200 [336/1413]  Loss: 11.1959
[2025-01-10 05:08:03 dino_final_lr5e-4_sincos_pflash_ep100_adamw_clip3.0_reshape_layernorm_p12_channel3_gpu4_s42_wd](engine_pretrain_dino.py 120): INFO Epoch 1/200 [337/1413]  Loss: 11.1952
[2025-01-10 05:08:04 dino_final_lr5e-4_sincos_pflash_ep100_adamw_clip3.0_reshape_layernorm_p12_channel3_gpu4_s42_wd](engine_pretrain_dino.py 120): INFO Epoch 1/200 [338/1413]  Loss: 11.1959
[2025-01-10 05:10:55 dino_final_lr5e-4_sincos_pflash_ep100_adamw_clip3.0_reshape_layernorm_p12_channel3_gpu4_s42_wd](engine_pretrain_dino.py 120): INFO Epoch 1/200 [339/1413]  Loss: 11.1957
[2025-01-10 05:10:57 dino_final_lr5e-4_sincos_pflash_ep100_adamw_clip3.0_reshape_layernorm_p12_channel3_gpu4_s42_wd](engine_pretrain_dino.py 120): INFO Epoch 1/200 [340/1413]  Loss: 11.1914
[2025-01-10 05:10:58 dino_final_lr5e-4_sincos_pflash_ep100_adamw_clip3.0_reshape_layernorm_p12_channel3_gpu4_s42_wd](engine_pretrain_dino.py 120): INFO Epoch 1/200 [341/1413]  Loss: 11.1886
[2025-01-10 05:10:59 dino_final_lr5e-4_sincos_pflash_ep100_adamw_clip3.0_reshape_layernorm_p12_channel3_gpu4_s42_wd](engine_pretrain_dino.py 120): INFO Epoch 1/200 [342/1413]  Loss: 11.1951
[2025-01-10 05:11:00 dino_final_lr5e-4_sincos_pflash_ep100_adamw_clip3.0_reshape_layernorm_p12_channel3_gpu4_s42_wd](engine_pretrain_dino.py 120): INFO Epoch 1/200 [343/1413]  Loss: 11.1882
[2025-01-10 05:11:02 dino_final_lr5e-4_sincos_pflash_ep100_adamw_clip3.0_reshape_layernorm_p12_channel3_gpu4_s42_wd](engine_pretrain_dino.py 120): INFO Epoch 1/200 [344/1413]  Loss: 11.1972
[2025-01-10 05:11:03 dino_final_lr5e-4_sincos_pflash_ep100_adamw_clip3.0_reshape_layernorm_p12_channel3_gpu4_s42_wd](engine_pretrain_dino.py 120): INFO Epoch 1/200 [345/1413]  Loss: 11.1888
[2025-01-10 05:11:04 dino_final_lr5e-4_sincos_pflash_ep100_adamw_clip3.0_reshape_layernorm_p12_channel3_gpu4_s42_wd](engine_pretrain_dino.py 120): INFO Epoch 1/200 [346/1413]  Loss: 11.1876
[2025-01-10 05:14:32 dino_final_lr5e-4_sincos_pflash_ep100_adamw_clip3.0_reshape_layernorm_p12_channel3_gpu4_s42_wd](engine_pretrain_dino.py 120): INFO Epoch 1/200 [347/1413]  Loss: 11.1874
[2025-01-10 05:14:33 dino_final_lr5e-4_sincos_pflash_ep100_adamw_clip3.0_reshape_layernorm_p12_channel3_gpu4_s42_wd](engine_pretrain_dino.py 120): INFO Epoch 1/200 [348/1413]  Loss: 11.1850
[2025-01-10 05:14:34 dino_final_lr5e-4_sincos_pflash_ep100_adamw_clip3.0_reshape_layernorm_p12_channel3_gpu4_s42_wd](engine_pretrain_dino.py 120): INFO Epoch 1/200 [349/1413]  Loss: 11.1858
[2025-01-10 05:14:36 dino_final_lr5e-4_sincos_pflash_ep100_adamw_clip3.0_reshape_layernorm_p12_channel3_gpu4_s42_wd](engine_pretrain_dino.py 120): INFO Epoch 1/200 [350/1413]  Loss: 11.1849
[2025-01-10 05:14:37 dino_final_lr5e-4_sincos_pflash_ep100_adamw_clip3.0_reshape_layernorm_p12_channel3_gpu4_s42_wd](engine_pretrain_dino.py 120): INFO Epoch 1/200 [351/1413]  Loss: 11.1918
[2025-01-10 05:14:38 dino_final_lr5e-4_sincos_pflash_ep100_adamw_clip3.0_reshape_layernorm_p12_channel3_gpu4_s42_wd](engine_pretrain_dino.py 120): INFO Epoch 1/200 [352/1413]  Loss: 11.1895
[2025-01-10 05:14:39 dino_final_lr5e-4_sincos_pflash_ep100_adamw_clip3.0_reshape_layernorm_p12_channel3_gpu4_s42_wd](engine_pretrain_dino.py 120): INFO Epoch 1/200 [353/1413]  Loss: 11.1823
[2025-01-10 05:14:41 dino_final_lr5e-4_sincos_pflash_ep100_adamw_clip3.0_reshape_layernorm_p12_channel3_gpu4_s42_wd](engine_pretrain_dino.py 120): INFO Epoch 1/200 [354/1413]  Loss: 11.1804
[2025-01-10 05:18:12 dino_final_lr5e-4_sincos_pflash_ep100_adamw_clip3.0_reshape_layernorm_p12_channel3_gpu4_s42_wd](engine_pretrain_dino.py 120): INFO Epoch 1/200 [355/1413]  Loss: 11.1928
[2025-01-10 05:18:13 dino_final_lr5e-4_sincos_pflash_ep100_adamw_clip3.0_reshape_layernorm_p12_channel3_gpu4_s42_wd](engine_pretrain_dino.py 120): INFO Epoch 1/200 [356/1413]  Loss: 11.1808
[2025-01-10 05:18:14 dino_final_lr5e-4_sincos_pflash_ep100_adamw_clip3.0_reshape_layernorm_p12_channel3_gpu4_s42_wd](engine_pretrain_dino.py 120): INFO Epoch 1/200 [357/1413]  Loss: 11.2139
[2025-01-10 05:18:16 dino_final_lr5e-4_sincos_pflash_ep100_adamw_clip3.0_reshape_layernorm_p12_channel3_gpu4_s42_wd](engine_pretrain_dino.py 120): INFO Epoch 1/200 [358/1413]  Loss: 11.1761
[2025-01-10 05:18:17 dino_final_lr5e-4_sincos_pflash_ep100_adamw_clip3.0_reshape_layernorm_p12_channel3_gpu4_s42_wd](engine_pretrain_dino.py 120): INFO Epoch 1/200 [359/1413]  Loss: 11.1833
[2025-01-10 05:18:18 dino_final_lr5e-4_sincos_pflash_ep100_adamw_clip3.0_reshape_layernorm_p12_channel3_gpu4_s42_wd](engine_pretrain_dino.py 120): INFO Epoch 1/200 [360/1413]  Loss: 11.1924
[2025-01-10 05:18:19 dino_final_lr5e-4_sincos_pflash_ep100_adamw_clip3.0_reshape_layernorm_p12_channel3_gpu4_s42_wd](engine_pretrain_dino.py 120): INFO Epoch 1/200 [361/1413]  Loss: 11.1658
[2025-01-10 05:18:20 dino_final_lr5e-4_sincos_pflash_ep100_adamw_clip3.0_reshape_layernorm_p12_channel3_gpu4_s42_wd](engine_pretrain_dino.py 120): INFO Epoch 1/200 [362/1413]  Loss: 11.1807
